[0.261s] DEBUG:colcon:Command line arguments: ['/usr/bin/colcon', 'build']
[0.262s] DEBUG:colcon:Parsed command line arguments: Namespace(allow_overriding=[], ament_cmake_args=None, base_paths=['.'], build_base='build', catkin_cmake_args=None, catkin_skip_building_tests=False, cmake_args=None, cmake_clean_cache=False, cmake_clean_first=False, cmake_force_configure=False, cmake_target=None, cmake_target_skip_unavailable=False, continue_on_error=False, event_handlers=None, executor='parallel', ignore_user_meta=False, install_base='install', log_base=None, log_level=None, main=<bound method BuildVerb.main of <colcon_core.verb.build.BuildVerb object at 0x7efe450282e0>>, merge_install=False, metas=['./colcon.meta'], packages_above=None, packages_above_and_dependencies=None, packages_above_depth=None, packages_end=None, packages_ignore=None, packages_ignore_regex=None, packages_select=None, packages_select_build_failed=False, packages_select_by_dep=None, packages_select_regex=None, packages_select_test_failures=False, packages_skip=None, packages_skip_build_finished=False, packages_skip_by_dep=None, packages_skip_regex=None, packages_skip_test_passed=False, packages_skip_up_to=None, packages_start=None, packages_up_to=None, packages_up_to_regex=None, parallel_workers=12, paths=None, symlink_install=False, test_result_base=None, verb_extension=<colcon_core.verb.build.BuildVerb object at 0x7efe450282e0>, verb_name='build', verb_parser=<colcon_defaults.argument_parser.defaults.DefaultArgumentsDecorator object at 0x7efe44fefeb0>)
[0.303s] Level 1:colcon.colcon_core.package_discovery:discover_packages(colcon_meta) check parameters
[0.303s] Level 1:colcon.colcon_core.package_discovery:discover_packages(recursive) check parameters
[0.303s] Level 1:colcon.colcon_core.package_discovery:discover_packages(ignore) check parameters
[0.303s] Level 1:colcon.colcon_core.package_discovery:discover_packages(path) check parameters
[0.303s] Level 1:colcon.colcon_core.package_discovery:discover_packages(colcon_meta) discover
[0.303s] Level 1:colcon.colcon_core.package_discovery:discover_packages(recursive) discover
[0.303s] INFO:colcon.colcon_core.package_discovery:Crawling recursively for packages in '/home/lowjunen/StanfordMSL/TrajBridge'
[0.303s] Level 1:colcon.colcon_core.package_identification:_identify(.) by extensions ['ignore', 'ignore_ament_install']
[0.303s] Level 1:colcon.colcon_core.package_identification:_identify(.) by extension 'ignore'
[0.303s] Level 1:colcon.colcon_core.package_identification:_identify(.) by extension 'ignore_ament_install'
[0.303s] Level 1:colcon.colcon_core.package_identification:_identify(.) by extensions ['colcon_pkg']
[0.303s] Level 1:colcon.colcon_core.package_identification:_identify(.) by extension 'colcon_pkg'
[0.303s] Level 1:colcon.colcon_core.package_identification:_identify(.) by extensions ['colcon_meta']
[0.303s] Level 1:colcon.colcon_core.package_identification:_identify(.) by extension 'colcon_meta'
[0.304s] Level 1:colcon.colcon_core.package_identification:_identify(.) by extensions ['ros']
[0.304s] Level 1:colcon.colcon_core.package_identification:_identify(.) by extension 'ros'
[0.318s] Level 1:colcon.colcon_core.package_identification:_identify(.) by extensions ['cmake', 'python']
[0.318s] Level 1:colcon.colcon_core.package_identification:_identify(.) by extension 'cmake'
[0.318s] Level 1:colcon.colcon_core.package_identification:_identify(.) by extension 'python'
[0.318s] Level 1:colcon.colcon_core.package_identification:_identify(.) by extensions ['python_setup_py']
[0.318s] Level 1:colcon.colcon_core.package_identification:_identify(.) by extension 'python_setup_py'
[0.318s] Level 1:colcon.colcon_core.package_identification:_identify(build) by extensions ['ignore', 'ignore_ament_install']
[0.318s] Level 1:colcon.colcon_core.package_identification:_identify(build) by extension 'ignore'
[0.318s] Level 1:colcon.colcon_core.package_identification:_identify(build) ignored
[0.319s] Level 1:colcon.colcon_core.package_identification:_identify(install) by extensions ['ignore', 'ignore_ament_install']
[0.319s] Level 1:colcon.colcon_core.package_identification:_identify(install) by extension 'ignore'
[0.319s] Level 1:colcon.colcon_core.package_identification:_identify(install) ignored
[0.319s] Level 1:colcon.colcon_core.package_identification:_identify(log) by extensions ['ignore', 'ignore_ament_install']
[0.319s] Level 1:colcon.colcon_core.package_identification:_identify(log) by extension 'ignore'
[0.319s] Level 1:colcon.colcon_core.package_identification:_identify(log) ignored
[0.319s] Level 1:colcon.colcon_core.package_identification:_identify(src) by extensions ['ignore', 'ignore_ament_install']
[0.319s] Level 1:colcon.colcon_core.package_identification:_identify(src) by extension 'ignore'
[0.319s] Level 1:colcon.colcon_core.package_identification:_identify(src) by extension 'ignore_ament_install'
[0.319s] Level 1:colcon.colcon_core.package_identification:_identify(src) by extensions ['colcon_pkg']
[0.319s] Level 1:colcon.colcon_core.package_identification:_identify(src) by extension 'colcon_pkg'
[0.319s] Level 1:colcon.colcon_core.package_identification:_identify(src) by extensions ['colcon_meta']
[0.319s] Level 1:colcon.colcon_core.package_identification:_identify(src) by extension 'colcon_meta'
[0.319s] Level 1:colcon.colcon_core.package_identification:_identify(src) by extensions ['ros']
[0.319s] Level 1:colcon.colcon_core.package_identification:_identify(src) by extension 'ros'
[0.320s] Level 1:colcon.colcon_core.package_identification:_identify(src) by extensions ['cmake', 'python']
[0.320s] Level 1:colcon.colcon_core.package_identification:_identify(src) by extension 'cmake'
[0.320s] Level 1:colcon.colcon_core.package_identification:_identify(src) by extension 'python'
[0.320s] Level 1:colcon.colcon_core.package_identification:_identify(src) by extensions ['python_setup_py']
[0.320s] Level 1:colcon.colcon_core.package_identification:_identify(src) by extension 'python_setup_py'
[0.320s] Level 1:colcon.colcon_core.package_identification:_identify(src/bridge_px4) by extensions ['ignore', 'ignore_ament_install']
[0.320s] Level 1:colcon.colcon_core.package_identification:_identify(src/bridge_px4) by extension 'ignore'
[0.320s] Level 1:colcon.colcon_core.package_identification:_identify(src/bridge_px4) by extension 'ignore_ament_install'
[0.320s] Level 1:colcon.colcon_core.package_identification:_identify(src/bridge_px4) by extensions ['colcon_pkg']
[0.320s] Level 1:colcon.colcon_core.package_identification:_identify(src/bridge_px4) by extension 'colcon_pkg'
[0.320s] Level 1:colcon.colcon_core.package_identification:_identify(src/bridge_px4) by extensions ['colcon_meta']
[0.320s] Level 1:colcon.colcon_core.package_identification:_identify(src/bridge_px4) by extension 'colcon_meta'
[0.320s] Level 1:colcon.colcon_core.package_identification:_identify(src/bridge_px4) by extensions ['ros']
[0.320s] Level 1:colcon.colcon_core.package_identification:_identify(src/bridge_px4) by extension 'ros'
[0.320s] Level 1:colcon.colcon_core.package_identification:_identify(src/bridge_px4) by extensions ['cmake', 'python']
[0.320s] Level 1:colcon.colcon_core.package_identification:_identify(src/bridge_px4) by extension 'cmake'
[0.320s] Level 1:colcon.colcon_core.package_identification:_identify(src/bridge_px4) by extension 'python'
[0.320s] Level 1:colcon.colcon_core.package_identification:_identify(src/bridge_px4) by extensions ['python_setup_py']
[0.320s] Level 1:colcon.colcon_core.package_identification:_identify(src/bridge_px4) by extension 'python_setup_py'
[0.320s] Level 1:colcon.colcon_core.package_identification:_identify(src/px4_msgs) by extensions ['ignore', 'ignore_ament_install']
[0.321s] Level 1:colcon.colcon_core.package_identification:_identify(src/px4_msgs) by extension 'ignore'
[0.321s] Level 1:colcon.colcon_core.package_identification:_identify(src/px4_msgs) by extension 'ignore_ament_install'
[0.321s] Level 1:colcon.colcon_core.package_identification:_identify(src/px4_msgs) by extensions ['colcon_pkg']
[0.321s] Level 1:colcon.colcon_core.package_identification:_identify(src/px4_msgs) by extension 'colcon_pkg'
[0.321s] Level 1:colcon.colcon_core.package_identification:_identify(src/px4_msgs) by extensions ['colcon_meta']
[0.321s] Level 1:colcon.colcon_core.package_identification:_identify(src/px4_msgs) by extension 'colcon_meta'
[0.321s] Level 1:colcon.colcon_core.package_identification:_identify(src/px4_msgs) by extensions ['ros']
[0.321s] Level 1:colcon.colcon_core.package_identification:_identify(src/px4_msgs) by extension 'ros'
[0.323s] DEBUG:colcon.colcon_core.package_identification:Package 'src/px4_msgs' with type 'ros.ament_cmake' and name 'px4_msgs'
[0.324s] Level 1:colcon.colcon_core.package_identification:_identify(src/px4_ros_com) by extensions ['ignore', 'ignore_ament_install']
[0.324s] Level 1:colcon.colcon_core.package_identification:_identify(src/px4_ros_com) by extension 'ignore'
[0.324s] Level 1:colcon.colcon_core.package_identification:_identify(src/px4_ros_com) by extension 'ignore_ament_install'
[0.324s] Level 1:colcon.colcon_core.package_identification:_identify(src/px4_ros_com) by extensions ['colcon_pkg']
[0.324s] Level 1:colcon.colcon_core.package_identification:_identify(src/px4_ros_com) by extension 'colcon_pkg'
[0.324s] Level 1:colcon.colcon_core.package_identification:_identify(src/px4_ros_com) by extensions ['colcon_meta']
[0.324s] Level 1:colcon.colcon_core.package_identification:_identify(src/px4_ros_com) by extension 'colcon_meta'
[0.324s] Level 1:colcon.colcon_core.package_identification:_identify(src/px4_ros_com) by extensions ['ros']
[0.324s] Level 1:colcon.colcon_core.package_identification:_identify(src/px4_ros_com) by extension 'ros'
[0.325s] DEBUG:colcon.colcon_core.package_identification:Package 'src/px4_ros_com' with type 'ros.ament_cmake' and name 'px4_ros_com'
[0.325s] Level 1:colcon.colcon_core.package_discovery:discover_packages(recursive) using defaults
[0.325s] Level 1:colcon.colcon_core.package_discovery:discover_packages(ignore) discover
[0.325s] Level 1:colcon.colcon_core.package_discovery:discover_packages(ignore) using defaults
[0.325s] Level 1:colcon.colcon_core.package_discovery:discover_packages(path) discover
[0.325s] Level 1:colcon.colcon_core.package_discovery:discover_packages(path) using defaults
[0.346s] Level 1:colcon.colcon_core.package_discovery:discover_packages(prefix_path) check parameters
[0.346s] Level 1:colcon.colcon_core.package_discovery:discover_packages(prefix_path) discover
[0.349s] DEBUG:colcon.colcon_installed_package_information.package_discovery:Found 256 installed packages in /opt/ros/foxy
[0.351s] Level 1:colcon.colcon_core.package_discovery:discover_packages(prefix_path) using defaults
[0.394s] Level 5:colcon.colcon_core.verb:set package 'px4_msgs' build argument 'cmake_args' from command line to 'None'
[0.394s] Level 5:colcon.colcon_core.verb:set package 'px4_msgs' build argument 'cmake_target' from command line to 'None'
[0.394s] Level 5:colcon.colcon_core.verb:set package 'px4_msgs' build argument 'cmake_target_skip_unavailable' from command line to 'False'
[0.394s] Level 5:colcon.colcon_core.verb:set package 'px4_msgs' build argument 'cmake_clean_cache' from command line to 'False'
[0.394s] Level 5:colcon.colcon_core.verb:set package 'px4_msgs' build argument 'cmake_clean_first' from command line to 'False'
[0.394s] Level 5:colcon.colcon_core.verb:set package 'px4_msgs' build argument 'cmake_force_configure' from command line to 'False'
[0.394s] Level 5:colcon.colcon_core.verb:set package 'px4_msgs' build argument 'ament_cmake_args' from command line to 'None'
[0.394s] Level 5:colcon.colcon_core.verb:set package 'px4_msgs' build argument 'catkin_cmake_args' from command line to 'None'
[0.394s] Level 5:colcon.colcon_core.verb:set package 'px4_msgs' build argument 'catkin_skip_building_tests' from command line to 'False'
[0.394s] DEBUG:colcon.colcon_core.verb:Building package 'px4_msgs' with the following arguments: {'ament_cmake_args': None, 'build_base': '/home/lowjunen/StanfordMSL/TrajBridge/build/px4_msgs', 'catkin_cmake_args': None, 'catkin_skip_building_tests': False, 'cmake_args': None, 'cmake_clean_cache': False, 'cmake_clean_first': False, 'cmake_force_configure': False, 'cmake_target': None, 'cmake_target_skip_unavailable': False, 'install_base': '/home/lowjunen/StanfordMSL/TrajBridge/install/px4_msgs', 'merge_install': False, 'path': '/home/lowjunen/StanfordMSL/TrajBridge/src/px4_msgs', 'symlink_install': False, 'test_result_base': None}
[0.395s] Level 5:colcon.colcon_core.verb:set package 'px4_ros_com' build argument 'cmake_args' from command line to 'None'
[0.395s] Level 5:colcon.colcon_core.verb:set package 'px4_ros_com' build argument 'cmake_target' from command line to 'None'
[0.395s] Level 5:colcon.colcon_core.verb:set package 'px4_ros_com' build argument 'cmake_target_skip_unavailable' from command line to 'False'
[0.395s] Level 5:colcon.colcon_core.verb:set package 'px4_ros_com' build argument 'cmake_clean_cache' from command line to 'False'
[0.395s] Level 5:colcon.colcon_core.verb:set package 'px4_ros_com' build argument 'cmake_clean_first' from command line to 'False'
[0.395s] Level 5:colcon.colcon_core.verb:set package 'px4_ros_com' build argument 'cmake_force_configure' from command line to 'False'
[0.395s] Level 5:colcon.colcon_core.verb:set package 'px4_ros_com' build argument 'ament_cmake_args' from command line to 'None'
[0.395s] Level 5:colcon.colcon_core.verb:set package 'px4_ros_com' build argument 'catkin_cmake_args' from command line to 'None'
[0.395s] Level 5:colcon.colcon_core.verb:set package 'px4_ros_com' build argument 'catkin_skip_building_tests' from command line to 'False'
[0.395s] DEBUG:colcon.colcon_core.verb:Building package 'px4_ros_com' with the following arguments: {'ament_cmake_args': None, 'build_base': '/home/lowjunen/StanfordMSL/TrajBridge/build/px4_ros_com', 'catkin_cmake_args': None, 'catkin_skip_building_tests': False, 'cmake_args': None, 'cmake_clean_cache': False, 'cmake_clean_first': False, 'cmake_force_configure': False, 'cmake_target': None, 'cmake_target_skip_unavailable': False, 'install_base': '/home/lowjunen/StanfordMSL/TrajBridge/install/px4_ros_com', 'merge_install': False, 'path': '/home/lowjunen/StanfordMSL/TrajBridge/src/px4_ros_com', 'symlink_install': False, 'test_result_base': None}
[0.396s] INFO:colcon.colcon_core.executor:Executing jobs using 'parallel' executor
[0.400s] DEBUG:colcon.colcon_parallel_executor.executor.parallel:run_until_complete
[0.400s] INFO:colcon.colcon_ros.task.ament_cmake.build:Building ROS package in '/home/lowjunen/StanfordMSL/TrajBridge/src/px4_msgs' with build type 'ament_cmake'
[0.400s] INFO:colcon.colcon_cmake.task.cmake.build:Building CMake package in '/home/lowjunen/StanfordMSL/TrajBridge/src/px4_msgs'
[0.404s] INFO:colcon.colcon_core.plugin_system:Skipping extension 'colcon_core.shell.bat': Not used on non-Windows systems
[0.404s] INFO:colcon.colcon_core.shell:Skip shell extension 'powershell' for command environment: Not usable outside of PowerShell
[0.404s] DEBUG:colcon.colcon_core.shell:Skip shell extension 'dsv' for command environment
[0.427s] DEBUG:colcon.colcon_core.event_handler.log_command:Invoking command in '/home/lowjunen/StanfordMSL/TrajBridge/build/px4_msgs': CMAKE_PREFIX_PATH=/opt/ros/foxy /usr/bin/cmake /home/lowjunen/StanfordMSL/TrajBridge/src/px4_msgs -DCMAKE_INSTALL_PREFIX=/home/lowjunen/StanfordMSL/TrajBridge/install/px4_msgs
[3.413s] DEBUG:colcon.colcon_core.event_handler.log_command:Invoked command in '/home/lowjunen/StanfordMSL/TrajBridge/build/px4_msgs' returned '0': CMAKE_PREFIX_PATH=/opt/ros/foxy /usr/bin/cmake /home/lowjunen/StanfordMSL/TrajBridge/src/px4_msgs -DCMAKE_INSTALL_PREFIX=/home/lowjunen/StanfordMSL/TrajBridge/install/px4_msgs
[3.416s] DEBUG:colcon.colcon_core.event_handler.log_command:Invoking command in '/home/lowjunen/StanfordMSL/TrajBridge/build/px4_msgs': CMAKE_PREFIX_PATH=/opt/ros/foxy /usr/bin/cmake --build /home/lowjunen/StanfordMSL/TrajBridge/build/px4_msgs -- -j12 -l12
[283.766s] DEBUG:colcon.colcon_core.event_handler.log_command:Invoked command in '/home/lowjunen/StanfordMSL/TrajBridge/build/px4_msgs' returned '0': CMAKE_PREFIX_PATH=/opt/ros/foxy /usr/bin/cmake --build /home/lowjunen/StanfordMSL/TrajBridge/build/px4_msgs -- -j12 -l12
[288.271s] DEBUG:colcon.colcon_core.event_handler.log_command:Invoking command in '/home/lowjunen/StanfordMSL/TrajBridge/build/px4_msgs': CMAKE_PREFIX_PATH=/opt/ros/foxy /usr/bin/cmake --install /home/lowjunen/StanfordMSL/TrajBridge/build/px4_msgs
[289.252s] Level 1:colcon.colcon_core.environment:create_environment_scripts_only(px4_msgs)
[289.254s] DEBUG:colcon.colcon_core.event_handler.log_command:Invoked command in '/home/lowjunen/StanfordMSL/TrajBridge/build/px4_msgs' returned '0': CMAKE_PREFIX_PATH=/opt/ros/foxy /usr/bin/cmake --install /home/lowjunen/StanfordMSL/TrajBridge/build/px4_msgs
[289.265s] Level 1:colcon.colcon_core.environment:checking '/home/lowjunen/StanfordMSL/TrajBridge/install/px4_msgs' for CMake module files
[289.266s] Level 1:colcon.colcon_core.environment:checking '/home/lowjunen/StanfordMSL/TrajBridge/install/px4_msgs' for CMake config files
[289.267s] Level 1:colcon.colcon_core.shell:create_environment_hook('px4_msgs', 'cmake_prefix_path')
[289.270s] INFO:colcon.colcon_core.shell:Creating environment hook '/home/lowjunen/StanfordMSL/TrajBridge/install/px4_msgs/share/px4_msgs/hook/cmake_prefix_path.ps1'
[289.271s] INFO:colcon.colcon_core.shell:Creating environment descriptor '/home/lowjunen/StanfordMSL/TrajBridge/install/px4_msgs/share/px4_msgs/hook/cmake_prefix_path.dsv'
[289.271s] INFO:colcon.colcon_core.shell:Creating environment hook '/home/lowjunen/StanfordMSL/TrajBridge/install/px4_msgs/share/px4_msgs/hook/cmake_prefix_path.sh'
[289.272s] Level 1:colcon.colcon_core.environment:checking '/home/lowjunen/StanfordMSL/TrajBridge/install/px4_msgs/lib'
[289.273s] Level 1:colcon.colcon_core.shell:create_environment_hook('px4_msgs', 'ld_library_path_lib')
[289.275s] INFO:colcon.colcon_core.shell:Creating environment hook '/home/lowjunen/StanfordMSL/TrajBridge/install/px4_msgs/share/px4_msgs/hook/ld_library_path_lib.ps1'
[289.276s] INFO:colcon.colcon_core.shell:Creating environment descriptor '/home/lowjunen/StanfordMSL/TrajBridge/install/px4_msgs/share/px4_msgs/hook/ld_library_path_lib.dsv'
[289.277s] INFO:colcon.colcon_core.shell:Creating environment hook '/home/lowjunen/StanfordMSL/TrajBridge/install/px4_msgs/share/px4_msgs/hook/ld_library_path_lib.sh'
[289.277s] Level 1:colcon.colcon_core.environment:checking '/home/lowjunen/StanfordMSL/TrajBridge/install/px4_msgs/bin'
[289.277s] Level 1:colcon.colcon_core.environment:checking '/home/lowjunen/StanfordMSL/TrajBridge/install/px4_msgs/lib/pkgconfig/px4_msgs.pc'
[289.278s] Level 1:colcon.colcon_core.environment:checking '/home/lowjunen/StanfordMSL/TrajBridge/install/px4_msgs/lib/python3.8/site-packages'
[289.278s] Level 1:colcon.colcon_core.shell:create_environment_hook('px4_msgs', 'pythonpath')
[289.281s] INFO:colcon.colcon_core.shell:Creating environment hook '/home/lowjunen/StanfordMSL/TrajBridge/install/px4_msgs/share/px4_msgs/hook/pythonpath.ps1'
[289.282s] INFO:colcon.colcon_core.shell:Creating environment descriptor '/home/lowjunen/StanfordMSL/TrajBridge/install/px4_msgs/share/px4_msgs/hook/pythonpath.dsv'
[289.282s] INFO:colcon.colcon_core.shell:Creating environment hook '/home/lowjunen/StanfordMSL/TrajBridge/install/px4_msgs/share/px4_msgs/hook/pythonpath.sh'
[289.283s] Level 1:colcon.colcon_core.environment:checking '/home/lowjunen/StanfordMSL/TrajBridge/install/px4_msgs/bin'
[289.286s] INFO:colcon.colcon_core.shell:Creating package script '/home/lowjunen/StanfordMSL/TrajBridge/install/px4_msgs/share/px4_msgs/package.ps1'
[289.289s] INFO:colcon.colcon_core.shell:Creating package descriptor '/home/lowjunen/StanfordMSL/TrajBridge/install/px4_msgs/share/px4_msgs/package.dsv'
[289.290s] INFO:colcon.colcon_core.shell:Creating package script '/home/lowjunen/StanfordMSL/TrajBridge/install/px4_msgs/share/px4_msgs/package.sh'
[289.291s] INFO:colcon.colcon_core.shell:Creating package script '/home/lowjunen/StanfordMSL/TrajBridge/install/px4_msgs/share/px4_msgs/package.bash'
[289.291s] INFO:colcon.colcon_core.shell:Creating package script '/home/lowjunen/StanfordMSL/TrajBridge/install/px4_msgs/share/px4_msgs/package.zsh'
[289.292s] Level 1:colcon.colcon_core.environment:create_file_with_runtime_dependencies(/home/lowjunen/StanfordMSL/TrajBridge/install/px4_msgs/share/colcon-core/packages/px4_msgs)
[293.753s] Level 1:colcon.colcon_core.environment:create_environment_scripts_only(px4_msgs)
[293.758s] Level 1:colcon.colcon_core.environment:checking '/home/lowjunen/StanfordMSL/TrajBridge/install/px4_msgs' for CMake module files
[293.759s] Level 1:colcon.colcon_core.environment:checking '/home/lowjunen/StanfordMSL/TrajBridge/install/px4_msgs' for CMake config files
[293.760s] Level 1:colcon.colcon_core.shell:create_environment_hook('px4_msgs', 'cmake_prefix_path')
[293.763s] INFO:colcon.colcon_core.shell:Creating environment hook '/home/lowjunen/StanfordMSL/TrajBridge/install/px4_msgs/share/px4_msgs/hook/cmake_prefix_path.ps1'
[293.764s] INFO:colcon.colcon_core.shell:Creating environment descriptor '/home/lowjunen/StanfordMSL/TrajBridge/install/px4_msgs/share/px4_msgs/hook/cmake_prefix_path.dsv'
[293.764s] INFO:colcon.colcon_core.shell:Creating environment hook '/home/lowjunen/StanfordMSL/TrajBridge/install/px4_msgs/share/px4_msgs/hook/cmake_prefix_path.sh'
[293.765s] Level 1:colcon.colcon_core.environment:checking '/home/lowjunen/StanfordMSL/TrajBridge/install/px4_msgs/lib'
[293.765s] Level 1:colcon.colcon_core.shell:create_environment_hook('px4_msgs', 'ld_library_path_lib')
[293.768s] INFO:colcon.colcon_core.shell:Creating environment hook '/home/lowjunen/StanfordMSL/TrajBridge/install/px4_msgs/share/px4_msgs/hook/ld_library_path_lib.ps1'
[293.769s] INFO:colcon.colcon_core.shell:Creating environment descriptor '/home/lowjunen/StanfordMSL/TrajBridge/install/px4_msgs/share/px4_msgs/hook/ld_library_path_lib.dsv'
[293.770s] INFO:colcon.colcon_core.shell:Creating environment hook '/home/lowjunen/StanfordMSL/TrajBridge/install/px4_msgs/share/px4_msgs/hook/ld_library_path_lib.sh'
[293.770s] Level 1:colcon.colcon_core.environment:checking '/home/lowjunen/StanfordMSL/TrajBridge/install/px4_msgs/bin'
[293.770s] Level 1:colcon.colcon_core.environment:checking '/home/lowjunen/StanfordMSL/TrajBridge/install/px4_msgs/lib/pkgconfig/px4_msgs.pc'
[293.771s] Level 1:colcon.colcon_core.environment:checking '/home/lowjunen/StanfordMSL/TrajBridge/install/px4_msgs/lib/python3.8/site-packages'
[293.771s] Level 1:colcon.colcon_core.shell:create_environment_hook('px4_msgs', 'pythonpath')
[293.774s] INFO:colcon.colcon_core.shell:Creating environment hook '/home/lowjunen/StanfordMSL/TrajBridge/install/px4_msgs/share/px4_msgs/hook/pythonpath.ps1'
[293.775s] INFO:colcon.colcon_core.shell:Creating environment descriptor '/home/lowjunen/StanfordMSL/TrajBridge/install/px4_msgs/share/px4_msgs/hook/pythonpath.dsv'
[293.775s] INFO:colcon.colcon_core.shell:Creating environment hook '/home/lowjunen/StanfordMSL/TrajBridge/install/px4_msgs/share/px4_msgs/hook/pythonpath.sh'
[293.797s] Level 1:colcon.colcon_core.environment:checking '/home/lowjunen/StanfordMSL/TrajBridge/install/px4_msgs/bin'
[293.801s] INFO:colcon.colcon_core.shell:Creating package script '/home/lowjunen/StanfordMSL/TrajBridge/install/px4_msgs/share/px4_msgs/package.ps1'
[293.803s] INFO:colcon.colcon_core.shell:Creating package descriptor '/home/lowjunen/StanfordMSL/TrajBridge/install/px4_msgs/share/px4_msgs/package.dsv'
[293.803s] INFO:colcon.colcon_core.shell:Creating package script '/home/lowjunen/StanfordMSL/TrajBridge/install/px4_msgs/share/px4_msgs/package.sh'
[293.804s] INFO:colcon.colcon_core.shell:Creating package script '/home/lowjunen/StanfordMSL/TrajBridge/install/px4_msgs/share/px4_msgs/package.bash'
[293.805s] INFO:colcon.colcon_core.shell:Creating package script '/home/lowjunen/StanfordMSL/TrajBridge/install/px4_msgs/share/px4_msgs/package.zsh'
[293.805s] Level 1:colcon.colcon_core.environment:create_file_with_runtime_dependencies(/home/lowjunen/StanfordMSL/TrajBridge/install/px4_msgs/share/colcon-core/packages/px4_msgs)
[293.806s] INFO:colcon.colcon_ros.task.ament_cmake.build:Building ROS package in '/home/lowjunen/StanfordMSL/TrajBridge/src/px4_ros_com' with build type 'ament_cmake'
[293.806s] INFO:colcon.colcon_cmake.task.cmake.build:Building CMake package in '/home/lowjunen/StanfordMSL/TrajBridge/src/px4_ros_com'
[293.809s] INFO:colcon.colcon_core.shell:Skip shell extension 'powershell' for command environment: Not usable outside of PowerShell
[293.809s] DEBUG:colcon.colcon_core.shell:Skip shell extension 'dsv' for command environment
[293.830s] DEBUG:colcon.colcon_core.event_handler.log_command:Invoking command in '/home/lowjunen/StanfordMSL/TrajBridge/build/px4_ros_com': AMENT_PREFIX_PATH=/home/lowjunen/StanfordMSL/TrajBridge/install/px4_msgs:${AMENT_PREFIX_PATH} CMAKE_PREFIX_PATH=/home/lowjunen/StanfordMSL/TrajBridge/install/px4_msgs:/opt/ros/foxy LD_LIBRARY_PATH=/home/lowjunen/StanfordMSL/TrajBridge/install/px4_msgs/lib:${LD_LIBRARY_PATH} PYTHONPATH=/home/lowjunen/StanfordMSL/TrajBridge/install/px4_msgs/lib/python3.8/site-packages:${PYTHONPATH} /usr/bin/cmake /home/lowjunen/StanfordMSL/TrajBridge/src/px4_ros_com -DCMAKE_INSTALL_PREFIX=/home/lowjunen/StanfordMSL/TrajBridge/install/px4_ros_com
[296.541s] DEBUG:colcon.colcon_core.event_handler.log_command:Invoked command in '/home/lowjunen/StanfordMSL/TrajBridge/build/px4_ros_com' returned '0': AMENT_PREFIX_PATH=/home/lowjunen/StanfordMSL/TrajBridge/install/px4_msgs:${AMENT_PREFIX_PATH} CMAKE_PREFIX_PATH=/home/lowjunen/StanfordMSL/TrajBridge/install/px4_msgs:/opt/ros/foxy LD_LIBRARY_PATH=/home/lowjunen/StanfordMSL/TrajBridge/install/px4_msgs/lib:${LD_LIBRARY_PATH} PYTHONPATH=/home/lowjunen/StanfordMSL/TrajBridge/install/px4_msgs/lib/python3.8/site-packages:${PYTHONPATH} /usr/bin/cmake /home/lowjunen/StanfordMSL/TrajBridge/src/px4_ros_com -DCMAKE_INSTALL_PREFIX=/home/lowjunen/StanfordMSL/TrajBridge/install/px4_ros_com
[296.547s] DEBUG:colcon.colcon_core.event_handler.log_command:Invoking command in '/home/lowjunen/StanfordMSL/TrajBridge/build/px4_ros_com': AMENT_PREFIX_PATH=/home/lowjunen/StanfordMSL/TrajBridge/install/px4_msgs:${AMENT_PREFIX_PATH} CMAKE_PREFIX_PATH=/home/lowjunen/StanfordMSL/TrajBridge/install/px4_msgs:/opt/ros/foxy LD_LIBRARY_PATH=/home/lowjunen/StanfordMSL/TrajBridge/install/px4_msgs/lib:${LD_LIBRARY_PATH} PYTHONPATH=/home/lowjunen/StanfordMSL/TrajBridge/install/px4_msgs/lib/python3.8/site-packages:${PYTHONPATH} /usr/bin/cmake --build /home/lowjunen/StanfordMSL/TrajBridge/build/px4_ros_com -- -j12 -l12
[309.354s] DEBUG:colcon.colcon_core.event_handler.log_command:Invoked command in '/home/lowjunen/StanfordMSL/TrajBridge/build/px4_ros_com' returned '0': AMENT_PREFIX_PATH=/home/lowjunen/StanfordMSL/TrajBridge/install/px4_msgs:${AMENT_PREFIX_PATH} CMAKE_PREFIX_PATH=/home/lowjunen/StanfordMSL/TrajBridge/install/px4_msgs:/opt/ros/foxy LD_LIBRARY_PATH=/home/lowjunen/StanfordMSL/TrajBridge/install/px4_msgs/lib:${LD_LIBRARY_PATH} PYTHONPATH=/home/lowjunen/StanfordMSL/TrajBridge/install/px4_msgs/lib/python3.8/site-packages:${PYTHONPATH} /usr/bin/cmake --build /home/lowjunen/StanfordMSL/TrajBridge/build/px4_ros_com -- -j12 -l12
[309.402s] DEBUG:colcon.colcon_core.event_handler.log_command:Invoking command in '/home/lowjunen/StanfordMSL/TrajBridge/build/px4_ros_com': AMENT_PREFIX_PATH=/home/lowjunen/StanfordMSL/TrajBridge/install/px4_msgs:${AMENT_PREFIX_PATH} CMAKE_PREFIX_PATH=/home/lowjunen/StanfordMSL/TrajBridge/install/px4_msgs:/opt/ros/foxy LD_LIBRARY_PATH=/home/lowjunen/StanfordMSL/TrajBridge/install/px4_msgs/lib:${LD_LIBRARY_PATH} PYTHONPATH=/home/lowjunen/StanfordMSL/TrajBridge/install/px4_msgs/lib/python3.8/site-packages:${PYTHONPATH} /usr/bin/cmake --install /home/lowjunen/StanfordMSL/TrajBridge/build/px4_ros_com
[309.445s] Level 1:colcon.colcon_core.environment:create_environment_scripts_only(px4_ros_com)
[309.449s] Level 1:colcon.colcon_core.environment:checking '/home/lowjunen/StanfordMSL/TrajBridge/install/px4_ros_com' for CMake module files
[309.450s] DEBUG:colcon.colcon_core.event_handler.log_command:Invoked command in '/home/lowjunen/StanfordMSL/TrajBridge/build/px4_ros_com' returned '0': AMENT_PREFIX_PATH=/home/lowjunen/StanfordMSL/TrajBridge/install/px4_msgs:${AMENT_PREFIX_PATH} CMAKE_PREFIX_PATH=/home/lowjunen/StanfordMSL/TrajBridge/install/px4_msgs:/opt/ros/foxy LD_LIBRARY_PATH=/home/lowjunen/StanfordMSL/TrajBridge/install/px4_msgs/lib:${LD_LIBRARY_PATH} PYTHONPATH=/home/lowjunen/StanfordMSL/TrajBridge/install/px4_msgs/lib/python3.8/site-packages:${PYTHONPATH} /usr/bin/cmake --install /home/lowjunen/StanfordMSL/TrajBridge/build/px4_ros_com
[309.450s] Level 1:colcon.colcon_core.environment:checking '/home/lowjunen/StanfordMSL/TrajBridge/install/px4_ros_com' for CMake config files
[309.451s] Level 1:colcon.colcon_core.shell:create_environment_hook('px4_ros_com', 'cmake_prefix_path')
[309.453s] INFO:colcon.colcon_core.shell:Creating environment hook '/home/lowjunen/StanfordMSL/TrajBridge/install/px4_ros_com/share/px4_ros_com/hook/cmake_prefix_path.ps1'
[309.454s] INFO:colcon.colcon_core.shell:Creating environment descriptor '/home/lowjunen/StanfordMSL/TrajBridge/install/px4_ros_com/share/px4_ros_com/hook/cmake_prefix_path.dsv'
[309.454s] INFO:colcon.colcon_core.shell:Creating environment hook '/home/lowjunen/StanfordMSL/TrajBridge/install/px4_ros_com/share/px4_ros_com/hook/cmake_prefix_path.sh'
[309.455s] Level 1:colcon.colcon_core.environment:checking '/home/lowjunen/StanfordMSL/TrajBridge/install/px4_ros_com/lib'
[309.455s] Level 1:colcon.colcon_core.shell:create_environment_hook('px4_ros_com', 'ld_library_path_lib')
[309.457s] INFO:colcon.colcon_core.shell:Creating environment hook '/home/lowjunen/StanfordMSL/TrajBridge/install/px4_ros_com/share/px4_ros_com/hook/ld_library_path_lib.ps1'
[309.458s] INFO:colcon.colcon_core.shell:Creating environment descriptor '/home/lowjunen/StanfordMSL/TrajBridge/install/px4_ros_com/share/px4_ros_com/hook/ld_library_path_lib.dsv'
[309.458s] INFO:colcon.colcon_core.shell:Creating environment hook '/home/lowjunen/StanfordMSL/TrajBridge/install/px4_ros_com/share/px4_ros_com/hook/ld_library_path_lib.sh'
[309.459s] Level 1:colcon.colcon_core.environment:checking '/home/lowjunen/StanfordMSL/TrajBridge/install/px4_ros_com/bin'
[309.459s] Level 1:colcon.colcon_core.environment:checking '/home/lowjunen/StanfordMSL/TrajBridge/install/px4_ros_com/lib/pkgconfig/px4_ros_com.pc'
[309.459s] Level 1:colcon.colcon_core.environment:checking '/home/lowjunen/StanfordMSL/TrajBridge/install/px4_ros_com/lib/python3.8/site-packages'
[309.460s] Level 1:colcon.colcon_core.environment:checking '/home/lowjunen/StanfordMSL/TrajBridge/install/px4_ros_com/bin'
[309.463s] INFO:colcon.colcon_core.shell:Creating package script '/home/lowjunen/StanfordMSL/TrajBridge/install/px4_ros_com/share/px4_ros_com/package.ps1'
[309.464s] INFO:colcon.colcon_core.shell:Creating package descriptor '/home/lowjunen/StanfordMSL/TrajBridge/install/px4_ros_com/share/px4_ros_com/package.dsv'
[309.465s] INFO:colcon.colcon_core.shell:Creating package script '/home/lowjunen/StanfordMSL/TrajBridge/install/px4_ros_com/share/px4_ros_com/package.sh'
[309.465s] INFO:colcon.colcon_core.shell:Creating package script '/home/lowjunen/StanfordMSL/TrajBridge/install/px4_ros_com/share/px4_ros_com/package.bash'
[309.466s] INFO:colcon.colcon_core.shell:Creating package script '/home/lowjunen/StanfordMSL/TrajBridge/install/px4_ros_com/share/px4_ros_com/package.zsh'
[309.466s] Level 1:colcon.colcon_core.environment:create_file_with_runtime_dependencies(/home/lowjunen/StanfordMSL/TrajBridge/install/px4_ros_com/share/colcon-core/packages/px4_ros_com)
[309.516s] Level 1:colcon.colcon_core.environment:create_environment_scripts_only(px4_ros_com)
[309.519s] Level 1:colcon.colcon_core.environment:checking '/home/lowjunen/StanfordMSL/TrajBridge/install/px4_ros_com' for CMake module files
[309.520s] Level 1:colcon.colcon_core.environment:checking '/home/lowjunen/StanfordMSL/TrajBridge/install/px4_ros_com' for CMake config files
[309.520s] Level 1:colcon.colcon_core.shell:create_environment_hook('px4_ros_com', 'cmake_prefix_path')
[309.523s] INFO:colcon.colcon_core.shell:Creating environment hook '/home/lowjunen/StanfordMSL/TrajBridge/install/px4_ros_com/share/px4_ros_com/hook/cmake_prefix_path.ps1'
[309.524s] INFO:colcon.colcon_core.shell:Creating environment descriptor '/home/lowjunen/StanfordMSL/TrajBridge/install/px4_ros_com/share/px4_ros_com/hook/cmake_prefix_path.dsv'
[309.524s] INFO:colcon.colcon_core.shell:Creating environment hook '/home/lowjunen/StanfordMSL/TrajBridge/install/px4_ros_com/share/px4_ros_com/hook/cmake_prefix_path.sh'
[309.525s] Level 1:colcon.colcon_core.environment:checking '/home/lowjunen/StanfordMSL/TrajBridge/install/px4_ros_com/lib'
[309.525s] Level 1:colcon.colcon_core.shell:create_environment_hook('px4_ros_com', 'ld_library_path_lib')
[309.528s] INFO:colcon.colcon_core.shell:Creating environment hook '/home/lowjunen/StanfordMSL/TrajBridge/install/px4_ros_com/share/px4_ros_com/hook/ld_library_path_lib.ps1'
[309.528s] INFO:colcon.colcon_core.shell:Creating environment descriptor '/home/lowjunen/StanfordMSL/TrajBridge/install/px4_ros_com/share/px4_ros_com/hook/ld_library_path_lib.dsv'
[309.528s] INFO:colcon.colcon_core.shell:Creating environment hook '/home/lowjunen/StanfordMSL/TrajBridge/install/px4_ros_com/share/px4_ros_com/hook/ld_library_path_lib.sh'
[309.529s] Level 1:colcon.colcon_core.environment:checking '/home/lowjunen/StanfordMSL/TrajBridge/install/px4_ros_com/bin'
[309.529s] Level 1:colcon.colcon_core.environment:checking '/home/lowjunen/StanfordMSL/TrajBridge/install/px4_ros_com/lib/pkgconfig/px4_ros_com.pc'
[309.529s] Level 1:colcon.colcon_core.environment:checking '/home/lowjunen/StanfordMSL/TrajBridge/install/px4_ros_com/lib/python3.8/site-packages'
[309.529s] Level 1:colcon.colcon_core.environment:checking '/home/lowjunen/StanfordMSL/TrajBridge/install/px4_ros_com/bin'
[309.532s] INFO:colcon.colcon_core.shell:Creating package script '/home/lowjunen/StanfordMSL/TrajBridge/install/px4_ros_com/share/px4_ros_com/package.ps1'
[309.533s] INFO:colcon.colcon_core.shell:Creating package descriptor '/home/lowjunen/StanfordMSL/TrajBridge/install/px4_ros_com/share/px4_ros_com/package.dsv'
[309.534s] INFO:colcon.colcon_core.shell:Creating package script '/home/lowjunen/StanfordMSL/TrajBridge/install/px4_ros_com/share/px4_ros_com/package.sh'
[309.534s] INFO:colcon.colcon_core.shell:Creating package script '/home/lowjunen/StanfordMSL/TrajBridge/install/px4_ros_com/share/px4_ros_com/package.bash'
[309.535s] INFO:colcon.colcon_core.shell:Creating package script '/home/lowjunen/StanfordMSL/TrajBridge/install/px4_ros_com/share/px4_ros_com/package.zsh'
[309.535s] Level 1:colcon.colcon_core.environment:create_file_with_runtime_dependencies(/home/lowjunen/StanfordMSL/TrajBridge/install/px4_ros_com/share/colcon-core/packages/px4_ros_com)
[309.536s] DEBUG:colcon.colcon_parallel_executor.executor.parallel:closing loop
[309.537s] DEBUG:colcon.colcon_parallel_executor.executor.parallel:loop closed
[309.537s] DEBUG:colcon.colcon_parallel_executor.executor.parallel:run_until_complete finished with '0'
[309.537s] DEBUG:colcon.colcon_core.event_reactor:joining thread
[309.548s] INFO:colcon.colcon_core.plugin_system:Skipping extension 'colcon_notification.desktop_notification.terminal_notifier': Not used on non-Darwin systems
[309.548s] INFO:colcon.colcon_core.plugin_system:Skipping extension 'colcon_notification.desktop_notification.win32': Not used on non-Windows systems
[309.548s] INFO:colcon.colcon_notification.desktop_notification:Sending desktop notification using 'notify2'
[309.576s] DEBUG:colcon.colcon_core.event_reactor:joined thread
[309.580s] INFO:colcon.colcon_core.shell:Creating prefix script '/home/lowjunen/StanfordMSL/TrajBridge/install/local_setup.ps1'
[309.582s] INFO:colcon.colcon_core.shell:Creating prefix util module '/home/lowjunen/StanfordMSL/TrajBridge/install/_local_setup_util_ps1.py'
[309.583s] INFO:colcon.colcon_core.shell:Creating prefix chain script '/home/lowjunen/StanfordMSL/TrajBridge/install/setup.ps1'
[309.587s] INFO:colcon.colcon_core.shell:Creating prefix script '/home/lowjunen/StanfordMSL/TrajBridge/install/local_setup.sh'
[309.588s] INFO:colcon.colcon_core.shell:Creating prefix util module '/home/lowjunen/StanfordMSL/TrajBridge/install/_local_setup_util_sh.py'
[309.588s] INFO:colcon.colcon_core.shell:Creating prefix chain script '/home/lowjunen/StanfordMSL/TrajBridge/install/setup.sh'
[309.589s] INFO:colcon.colcon_core.shell:Creating prefix script '/home/lowjunen/StanfordMSL/TrajBridge/install/local_setup.bash'
[309.590s] INFO:colcon.colcon_core.shell:Creating prefix chain script '/home/lowjunen/StanfordMSL/TrajBridge/install/setup.bash'
[309.591s] INFO:colcon.colcon_core.shell:Creating prefix script '/home/lowjunen/StanfordMSL/TrajBridge/install/local_setup.zsh'
[309.592s] INFO:colcon.colcon_core.shell:Creating prefix chain script '/home/lowjunen/StanfordMSL/TrajBridge/install/setup.zsh'
