-- The C compiler identification is GNU 9.4.0
-- The CXX compiler identification is GNU 9.4.0
-- Check for working C compiler: /usr/bin/cc
-- Check for working C compiler: /usr/bin/cc -- works
-- Detecting C compiler ABI info
-- Detecting C compiler ABI info - done
-- Detecting C compile features
-- Detecting C compile features - done
-- Check for working CXX compiler: /usr/bin/c++
-- Check for working CXX compiler: /usr/bin/c++ -- works
-- Detecting CXX compiler ABI info
-- Detecting CXX compiler ABI info - done
-- Detecting CXX compile features
-- Detecting CXX compile features - done
-- Found ament_cmake: 0.9.11 (/opt/ros/foxy/share/ament_cmake/cmake)
-- Found PythonInterp: /usr/bin/python3 (found suitable version "3.8.10", minimum required is "3") 
-- Using PYTHON_EXECUTABLE: /usr/bin/python3
-- Found ament_lint_auto: 0.9.8 (/opt/ros/foxy/share/ament_lint_auto/cmake)
-- Added test 'copyright' to check source files copyright and LICENSE
-- Added test 'cppcheck' to perform static code analysis on C / C++ code
-- Configured cppcheck include dirs: $<BUILD_INTERFACE:/home/lowjunen/StanfordMSL/TrajBridge/src/bridge_px4/include>
-- Configured cppcheck exclude dirs and/or files: 
-- Added test 'cpplint' to check C / C++ code against the Google style
-- Configured cpplint exclude dirs and/or files: 
-- Added test 'lint_cmake' to check CMake code style
-- Added test 'uncrustify' to check C / C++ code style
-- Configured uncrustify additional arguments: 
-- Added test 'xmllint' to check XML markup files
-- Configuring done
-- Generating done
-- Build files have been written to: /home/lowjunen/StanfordMSL/TrajBridge/build/bridge_px4
[35m[1mScanning dependencies of target test_node[0m
[ 50%] [32mBuilding CXX object CMakeFiles/test_node.dir/src/test_node.cpp.o[0m
[100%] [32m[1mLinking CXX executable test_node[0m
[100%] Built target test_node
-- Install configuration: ""
-- Installing: /home/lowjunen/StanfordMSL/TrajBridge/install/bridge_px4/lib/bridge_px4/test_node
-- Installing: /home/lowjunen/StanfordMSL/TrajBridge/install/bridge_px4/share/ament_index/resource_index/package_run_dependencies/bridge_px4
-- Installing: /home/lowjunen/StanfordMSL/TrajBridge/install/bridge_px4/share/ament_index/resource_index/parent_prefix_path/bridge_px4
-- Installing: /home/lowjunen/StanfordMSL/TrajBridge/install/bridge_px4/share/bridge_px4/environment/ament_prefix_path.sh
-- Installing: /home/lowjunen/StanfordMSL/TrajBridge/install/bridge_px4/share/bridge_px4/environment/ament_prefix_path.dsv
-- Installing: /home/lowjunen/StanfordMSL/TrajBridge/install/bridge_px4/share/bridge_px4/environment/path.sh
-- Installing: /home/lowjunen/StanfordMSL/TrajBridge/install/bridge_px4/share/bridge_px4/environment/path.dsv
-- Installing: /home/lowjunen/StanfordMSL/TrajBridge/install/bridge_px4/share/bridge_px4/local_setup.bash
-- Installing: /home/lowjunen/StanfordMSL/TrajBridge/install/bridge_px4/share/bridge_px4/local_setup.sh
-- Installing: /home/lowjunen/StanfordMSL/TrajBridge/install/bridge_px4/share/bridge_px4/local_setup.zsh
-- Installing: /home/lowjunen/StanfordMSL/TrajBridge/install/bridge_px4/share/bridge_px4/local_setup.dsv
-- Installing: /home/lowjunen/StanfordMSL/TrajBridge/install/bridge_px4/share/bridge_px4/package.dsv
-- Installing: /home/lowjunen/StanfordMSL/TrajBridge/install/bridge_px4/share/ament_index/resource_index/packages/bridge_px4
-- Installing: /home/lowjunen/StanfordMSL/TrajBridge/install/bridge_px4/share/bridge_px4/cmake/bridge_px4Config.cmake
-- Installing: /home/lowjunen/StanfordMSL/TrajBridge/install/bridge_px4/share/bridge_px4/cmake/bridge_px4Config-version.cmake
-- Installing: /home/lowjunen/StanfordMSL/TrajBridge/install/bridge_px4/share/bridge_px4/package.xml
