[0.049s] Invoking command in '/home/lowjunen/StanfordMSL/TrajBridge/build/bridge_px4': CMAKE_PREFIX_PATH=/opt/ros/foxy /usr/bin/cmake /home/lowjunen/StanfordMSL/TrajBridge/src/bridge_px4 -DCMAKE_INSTALL_PREFIX=/home/lowjunen/StanfordMSL/TrajBridge/install/bridge_px4
[0.130s] -- The C compiler identification is GNU 9.4.0
[0.207s] -- The CXX compiler identification is GNU 9.4.0
[0.213s] -- Check for working C compiler: /usr/bin/cc
[0.310s] -- Check for working C compiler: /usr/bin/cc -- works
[0.311s] -- Detecting C compiler ABI info
[0.408s] -- Detecting C compiler ABI info - done
[0.426s] -- Detecting C compile features
[0.426s] -- Detecting C compile features - done
[0.430s] -- Check for working CXX compiler: /usr/bin/c++
[0.543s] -- Check for working CXX compiler: /usr/bin/c++ -- works
[0.544s] -- Detecting CXX compiler ABI info
[0.660s] -- Detecting CXX compiler ABI info - done
[0.678s] -- Detecting CXX compile features
[0.679s] -- Detecting CXX compile features - done
[0.681s] -- Found ament_cmake: 0.9.11 (/opt/ros/foxy/share/ament_cmake/cmake)
[0.713s] -- Found PythonInterp: /usr/bin/python3 (found suitable version "3.8.10", minimum required is "3") 
[0.713s] -- Using PYTHON_EXECUTABLE: /usr/bin/python3
[0.989s] -- Found ament_lint_auto: 0.9.8 (/opt/ros/foxy/share/ament_lint_auto/cmake)
[1.091s] -- Added test 'copyright' to check source files copyright and LICENSE
[1.092s] -- Added test 'cppcheck' to perform static code analysis on C / C++ code
[1.093s] -- Configured cppcheck include dirs: $<BUILD_INTERFACE:/home/lowjunen/StanfordMSL/TrajBridge/src/bridge_px4/include>
[1.093s] -- Configured cppcheck exclude dirs and/or files: 
[1.094s] -- Added test 'cpplint' to check C / C++ code against the Google style
[1.094s] -- Configured cpplint exclude dirs and/or files: 
[1.095s] -- Added test 'lint_cmake' to check CMake code style
[1.096s] -- Added test 'uncrustify' to check C / C++ code style
[1.096s] -- Configured uncrustify additional arguments: 
[1.097s] -- Added test 'xmllint' to check XML markup files
[1.100s] -- Configuring done
[1.104s] -- Generating done
[1.106s] -- Build files have been written to: /home/lowjunen/StanfordMSL/TrajBridge/build/bridge_px4
[1.110s] Invoked command in '/home/lowjunen/StanfordMSL/TrajBridge/build/bridge_px4' returned '0': CMAKE_PREFIX_PATH=/opt/ros/foxy /usr/bin/cmake /home/lowjunen/StanfordMSL/TrajBridge/src/bridge_px4 -DCMAKE_INSTALL_PREFIX=/home/lowjunen/StanfordMSL/TrajBridge/install/bridge_px4
[1.114s] Invoking command in '/home/lowjunen/StanfordMSL/TrajBridge/build/bridge_px4': CMAKE_PREFIX_PATH=/opt/ros/foxy /usr/bin/cmake --build /home/lowjunen/StanfordMSL/TrajBridge/build/bridge_px4 -- -j12 -l12
[1.168s] [35m[1mScanning dependencies of target test_node[0m
[1.182s] [ 50%] [32mBuilding CXX object CMakeFiles/test_node.dir/src/test_node.cpp.o[0m
[1.225s] [100%] [32m[1mLinking CXX executable test_node[0m
[1.285s] [100%] Built target test_node
[1.301s] Invoked command in '/home/lowjunen/StanfordMSL/TrajBridge/build/bridge_px4' returned '0': CMAKE_PREFIX_PATH=/opt/ros/foxy /usr/bin/cmake --build /home/lowjunen/StanfordMSL/TrajBridge/build/bridge_px4 -- -j12 -l12
[1.349s] Invoking command in '/home/lowjunen/StanfordMSL/TrajBridge/build/bridge_px4': CMAKE_PREFIX_PATH=/opt/ros/foxy /usr/bin/cmake --install /home/lowjunen/StanfordMSL/TrajBridge/build/bridge_px4
[1.361s] -- Install configuration: ""
[1.361s] -- Installing: /home/lowjunen/StanfordMSL/TrajBridge/install/bridge_px4/lib/bridge_px4/test_node
[1.361s] -- Installing: /home/lowjunen/StanfordMSL/TrajBridge/install/bridge_px4/share/ament_index/resource_index/package_run_dependencies/bridge_px4
[1.361s] -- Installing: /home/lowjunen/StanfordMSL/TrajBridge/install/bridge_px4/share/ament_index/resource_index/parent_prefix_path/bridge_px4
[1.362s] -- Installing: /home/lowjunen/StanfordMSL/TrajBridge/install/bridge_px4/share/bridge_px4/environment/ament_prefix_path.sh
[1.362s] -- Installing: /home/lowjunen/StanfordMSL/TrajBridge/install/bridge_px4/share/bridge_px4/environment/ament_prefix_path.dsv
[1.362s] -- Installing: /home/lowjunen/StanfordMSL/TrajBridge/install/bridge_px4/share/bridge_px4/environment/path.sh
[1.362s] -- Installing: /home/lowjunen/StanfordMSL/TrajBridge/install/bridge_px4/share/bridge_px4/environment/path.dsv
[1.362s] -- Installing: /home/lowjunen/StanfordMSL/TrajBridge/install/bridge_px4/share/bridge_px4/local_setup.bash
[1.362s] -- Installing: /home/lowjunen/StanfordMSL/TrajBridge/install/bridge_px4/share/bridge_px4/local_setup.sh
[1.363s] -- Installing: /home/lowjunen/StanfordMSL/TrajBridge/install/bridge_px4/share/bridge_px4/local_setup.zsh
[1.363s] -- Installing: /home/lowjunen/StanfordMSL/TrajBridge/install/bridge_px4/share/bridge_px4/local_setup.dsv
[1.363s] -- Installing: /home/lowjunen/StanfordMSL/TrajBridge/install/bridge_px4/share/bridge_px4/package.dsv
[1.363s] -- Installing: /home/lowjunen/StanfordMSL/TrajBridge/install/bridge_px4/share/ament_index/resource_index/packages/bridge_px4
[1.363s] -- Installing: /home/lowjunen/StanfordMSL/TrajBridge/install/bridge_px4/share/bridge_px4/cmake/bridge_px4Config.cmake
[1.364s] -- Installing: /home/lowjunen/StanfordMSL/TrajBridge/install/bridge_px4/share/bridge_px4/cmake/bridge_px4Config-version.cmake
[1.364s] -- Installing: /home/lowjunen/StanfordMSL/TrajBridge/install/bridge_px4/share/bridge_px4/package.xml
[1.368s] Invoked command in '/home/lowjunen/StanfordMSL/TrajBridge/build/bridge_px4' returned '0': CMAKE_PREFIX_PATH=/opt/ros/foxy /usr/bin/cmake --install /home/lowjunen/StanfordMSL/TrajBridge/build/bridge_px4
