[35m[1mScanning dependencies of target std_msgs_generate_messages_cpp[0m
[35m[1mScanning dependencies of target _bridge-px4_generate_messages_check_deps_GcsCmd[0m
[35m[1mScanning dependencies of target std_msgs_generate_messages_lisp[0m
[35m[1mScanning dependencies of target std_msgs_generate_messages_py[0m
[35m[1mScanning dependencies of target std_msgs_generate_messages_eus[0m
[35m[1mScanning dependencies of target std_msgs_generate_messages_nodejs[0m
[  0%] Built target std_msgs_generate_messages_cpp
[  0%] Built target std_msgs_generate_messages_eus
[  0%] Built target std_msgs_generate_messages_py
[  0%] Built target std_msgs_generate_messages_lisp
[  0%] Built target std_msgs_generate_messages_nodejs
[  0%] Built target _bridge-px4_generate_messages_check_deps_GcsCmd
[35m[1mScanning dependencies of target bridge-px4_generate_messages_eus[0m
[35m[1mScanning dependencies of target bridge-px4_generate_messages_lisp[0m
[35m[1mScanning dependencies of target bridge-px4_generate_messages_py[0m
[35m[1mScanning dependencies of target bridge-px4_generate_messages_cpp[0m
[35m[1mScanning dependencies of target bridge-px4_generate_messages_nodejs[0m
[ 14%] [34m[1mGenerating EusLisp code from bridge-px4/GcsCmd.srv[0m
[ 28%] [34m[1mGenerating EusLisp manifest code for bridge-px4[0m
[ 57%] [34m[1mGenerating Javascript code from bridge-px4/GcsCmd.srv[0m
[ 57%] [34m[1mGenerating C++ code from bridge-px4/GcsCmd.srv[0m
[ 71%] [34m[1mGenerating Python code from SRV bridge-px4/GcsCmd[0m
[ 85%] [34m[1mGenerating Lisp code from bridge-px4/GcsCmd.srv[0m
[ 85%] Built target bridge-px4_generate_messages_lisp
[ 85%] Built target bridge-px4_generate_messages_nodejs
ERROR:  
ERROR: package name 'bridge-px4' is illegal and cannot be used in message generation.
Please see http://ros.org/wiki/Names
CMakeFiles/bridge-px4_generate_messages_py.dir/build.make:62: recipe for target '/home/lowjunen/StanfordMSL/TrajBridge-PX4/devel/.private/bridge-px4/lib/python2.7/dist-packages/bridge-px4/srv/_GcsCmd.py' failed
make[2]: *** [/home/lowjunen/StanfordMSL/TrajBridge-PX4/devel/.private/bridge-px4/lib/python2.7/dist-packages/bridge-px4/srv/_GcsCmd.py] Error 2
CMakeFiles/Makefile2:1457: recipe for target 'CMakeFiles/bridge-px4_generate_messages_py.dir/all' failed
make[1]: *** [CMakeFiles/bridge-px4_generate_messages_py.dir/all] Error 2
make[1]: *** Waiting for unfinished jobs....
[ 85%] Built target bridge-px4_generate_messages_cpp
[ 85%] Built target bridge-px4_generate_messages_eus
Makefile:140: recipe for target 'all' failed
make: *** [all] Error 2
