-- The C compiler identification is GNU 9.4.0
-- The CXX compiler identification is GNU 9.4.0
-- Check for working C compiler: /usr/bin/cc
-- Check for working C compiler: /usr/bin/cc -- works
-- Detecting C compiler ABI info
-- Detecting C compiler ABI info - done
-- Detecting C compile features
-- Detecting C compile features - done
-- Check for working CXX compiler: /usr/bin/c++
-- Check for working CXX compiler: /usr/bin/c++ -- works
-- Detecting CXX compiler ABI info
-- Detecting CXX compiler ABI info - done
-- Detecting CXX compile features
-- Detecting CXX compile features - done
-- Found ament_cmake: 0.9.11 (/opt/ros/foxy/share/ament_cmake/cmake)
-- Found PythonInterp: /usr/bin/python3 (found suitable version "3.8.10", minimum required is "3") 
-- Using PYTHON_EXECUTABLE: /usr/bin/python3
-- Found builtin_interfaces: 1.0.0 (/opt/ros/foxy/share/builtin_interfaces/cmake)
-- Using all available rosidl_typesupport_c: rosidl_typesupport_fastrtps_c;rosidl_typesupport_introspection_c
-- Found rosidl_adapter: 1.3.0 (/opt/ros/foxy/share/rosidl_adapter/cmake)
-- Found OpenSSL: /usr/lib/x86_64-linux-gnu/libcrypto.so (found version "1.1.1f")  
-- Found FastRTPS: /opt/ros/foxy/include  
-- Using all available rosidl_typesupport_cpp: rosidl_typesupport_fastrtps_cpp;rosidl_typesupport_introspection_cpp
-- Found eigen3_cmake_module: 0.1.1 (/opt/ros/foxy/share/eigen3_cmake_module/cmake)
-- Found Eigen3: TRUE (found version "3.3.7") 
-- Found geometry_msgs: 2.0.5 (/opt/ros/foxy/share/geometry_msgs/cmake)
-- Found px4_msgs: 2.0.1 (/home/lowjunen/StanfordMSL/TrajBridge/install/px4_msgs/share/px4_msgs/cmake)
-- Found rclcpp: 2.4.2 (/opt/ros/foxy/share/rclcpp/cmake)
-- Found rmw_implementation_cmake: 1.0.4 (/opt/ros/foxy/share/rmw_implementation_cmake/cmake)
-- Using RMW implementation 'rmw_fastrtps_cpp' as default
-- Looking for pthread.h
-- Looking for pthread.h - found
-- Performing Test CMAKE_HAVE_LIBC_PTHREAD
-- Performing Test CMAKE_HAVE_LIBC_PTHREAD - Failed
-- Looking for pthread_create in pthreads
-- Looking for pthread_create in pthreads - not found
-- Looking for pthread_create in pthread
-- Looking for pthread_create in pthread - found
-- Found Threads: TRUE  
-- Found sensor_msgs: 2.0.5 (/opt/ros/foxy/share/sensor_msgs/cmake)
-- Found ament_lint_auto: 0.9.8 (/opt/ros/foxy/share/ament_lint_auto/cmake)
-- Added test 'copyright' to check source files copyright and LICENSE
-- Added test 'cppcheck' to perform static code analysis on C / C++ code
-- Configured cppcheck include dirs: /home/lowjunen/StanfordMSL/TrajBridge/src/px4_ros_com/include;$<BUILD_INTERFACE:/home/lowjunen/StanfordMSL/TrajBridge/src/px4_ros_com/include/px4_ros_com>
-- Configured cppcheck exclude dirs and/or files: 
-- Added test 'cpplint' to check C / C++ code against the Google style
-- Configured cpplint exclude dirs and/or files: 
-- Added test 'flake8' to check Python code syntax and style conventions
-- Added test 'lint_cmake' to check CMake code style
-- Added test 'pep257' to check Python code against some of the style conventions in PEP 257
-- Added test 'uncrustify' to check C / C++ code style
-- Configured uncrustify additional arguments: 
-- Added test 'xmllint' to check XML markup files
-- Configuring done
-- Generating done
-- Build files have been written to: /home/lowjunen/StanfordMSL/TrajBridge/build/px4_ros_com
[35m[1mScanning dependencies of target debug_vect_advertiser[0m
[35m[1mScanning dependencies of target frame_transforms[0m
[35m[1mScanning dependencies of target offboard_control[0m
[35m[1mScanning dependencies of target vehicle_gps_position_listener[0m
[35m[1mScanning dependencies of target sensor_combined_listener[0m
[ 10%] [32mBuilding CXX object CMakeFiles/debug_vect_advertiser.dir/src/examples/advertisers/debug_vect_advertiser.cpp.o[0m
[ 20%] [32mBuilding CXX object CMakeFiles/offboard_control.dir/src/examples/offboard/offboard_control.cpp.o[0m
[ 30%] [32mBuilding CXX object CMakeFiles/vehicle_gps_position_listener.dir/src/examples/listeners/vehicle_gps_position_listener.cpp.o[0m
[ 40%] [32mBuilding CXX object CMakeFiles/sensor_combined_listener.dir/src/examples/listeners/sensor_combined_listener.cpp.o[0m
[ 50%] [32mBuilding CXX object CMakeFiles/frame_transforms.dir/src/lib/frame_transforms.cpp.o[0m
[ 60%] [32m[1mLinking CXX executable debug_vect_advertiser[0m
[ 60%] Built target debug_vect_advertiser
[ 70%] [32m[1mLinking CXX executable offboard_control[0m
[ 70%] Built target offboard_control
[ 80%] [32m[1mLinking CXX executable vehicle_gps_position_listener[0m
[ 80%] Built target vehicle_gps_position_listener
[ 90%] [32m[1mLinking CXX executable sensor_combined_listener[0m
[ 90%] Built target sensor_combined_listener
[100%] [32m[1mLinking CXX shared library libframe_transforms.so[0m
[100%] Built target frame_transforms
-- Install configuration: ""
-- Installing: /home/lowjunen/StanfordMSL/TrajBridge/install/px4_ros_com/lib/px4_ros_com/sensor_combined_listener
-- Set runtime path of "/home/lowjunen/StanfordMSL/TrajBridge/install/px4_ros_com/lib/px4_ros_com/sensor_combined_listener" to ""
-- Installing: /home/lowjunen/StanfordMSL/TrajBridge/install/px4_ros_com/lib/px4_ros_com/vehicle_gps_position_listener
-- Set runtime path of "/home/lowjunen/StanfordMSL/TrajBridge/install/px4_ros_com/lib/px4_ros_com/vehicle_gps_position_listener" to ""
-- Installing: /home/lowjunen/StanfordMSL/TrajBridge/install/px4_ros_com/lib/px4_ros_com/debug_vect_advertiser
-- Set runtime path of "/home/lowjunen/StanfordMSL/TrajBridge/install/px4_ros_com/lib/px4_ros_com/debug_vect_advertiser" to ""
-- Installing: /home/lowjunen/StanfordMSL/TrajBridge/install/px4_ros_com/lib/px4_ros_com/offboard_control
-- Set runtime path of "/home/lowjunen/StanfordMSL/TrajBridge/install/px4_ros_com/lib/px4_ros_com/offboard_control" to ""
-- Installing: /home/lowjunen/StanfordMSL/TrajBridge/install/px4_ros_com/share/px4_ros_com/environment/library_path.sh
-- Installing: /home/lowjunen/StanfordMSL/TrajBridge/install/px4_ros_com/share/px4_ros_com/environment/library_path.dsv
-- Installing: /home/lowjunen/StanfordMSL/TrajBridge/install/px4_ros_com/include/px4_ros_com
-- Installing: /home/lowjunen/StanfordMSL/TrajBridge/install/px4_ros_com/include/px4_ros_com/frame_transforms.h
-- Installing: /home/lowjunen/StanfordMSL/TrajBridge/install/px4_ros_com/lib/libframe_transforms.so
-- Set runtime path of "/home/lowjunen/StanfordMSL/TrajBridge/install/px4_ros_com/lib/libframe_transforms.so" to ""
-- Installing: /home/lowjunen/StanfordMSL/TrajBridge/install/px4_ros_com/share/px4_ros_com//launch
-- Installing: /home/lowjunen/StanfordMSL/TrajBridge/install/px4_ros_com/share/px4_ros_com//launch/offboard_control_launch.yaml
-- Installing: /home/lowjunen/StanfordMSL/TrajBridge/install/px4_ros_com/share/px4_ros_com//launch/sensor_combined_listener.launch.py
-- Installing: /home/lowjunen/StanfordMSL/TrajBridge/install/px4_ros_com/share/px4_ros_com//test
-- Installing: /home/lowjunen/StanfordMSL/TrajBridge/install/px4_ros_com/share/px4_ros_com//test/test_output.py
-- Installing: /home/lowjunen/StanfordMSL/TrajBridge/install/px4_ros_com/share/px4_ros_com//test/__init__.py
-- Installing: /home/lowjunen/StanfordMSL/TrajBridge/install/px4_ros_com/share/px4_ros_com//test/test_input.py
-- Installing: /home/lowjunen/StanfordMSL/TrajBridge/install/px4_ros_com/share/px4_ros_com//test/pipeline_io_test.py
-- Installing: /home/lowjunen/StanfordMSL/TrajBridge/install/px4_ros_com/share/ament_index/resource_index/package_run_dependencies/px4_ros_com
-- Installing: /home/lowjunen/StanfordMSL/TrajBridge/install/px4_ros_com/share/ament_index/resource_index/parent_prefix_path/px4_ros_com
-- Installing: /home/lowjunen/StanfordMSL/TrajBridge/install/px4_ros_com/share/px4_ros_com/environment/ament_prefix_path.sh
-- Installing: /home/lowjunen/StanfordMSL/TrajBridge/install/px4_ros_com/share/px4_ros_com/environment/ament_prefix_path.dsv
-- Installing: /home/lowjunen/StanfordMSL/TrajBridge/install/px4_ros_com/share/px4_ros_com/environment/path.sh
-- Installing: /home/lowjunen/StanfordMSL/TrajBridge/install/px4_ros_com/share/px4_ros_com/environment/path.dsv
-- Installing: /home/lowjunen/StanfordMSL/TrajBridge/install/px4_ros_com/share/px4_ros_com/local_setup.bash
-- Installing: /home/lowjunen/StanfordMSL/TrajBridge/install/px4_ros_com/share/px4_ros_com/local_setup.sh
-- Installing: /home/lowjunen/StanfordMSL/TrajBridge/install/px4_ros_com/share/px4_ros_com/local_setup.zsh
-- Installing: /home/lowjunen/StanfordMSL/TrajBridge/install/px4_ros_com/share/px4_ros_com/local_setup.dsv
-- Installing: /home/lowjunen/StanfordMSL/TrajBridge/install/px4_ros_com/share/px4_ros_com/package.dsv
-- Installing: /home/lowjunen/StanfordMSL/TrajBridge/install/px4_ros_com/share/ament_index/resource_index/packages/px4_ros_com
-- Installing: /home/lowjunen/StanfordMSL/TrajBridge/install/px4_ros_com/share/px4_ros_com/cmake/export_frame_transformsExport.cmake
-- Installing: /home/lowjunen/StanfordMSL/TrajBridge/install/px4_ros_com/share/px4_ros_com/cmake/export_frame_transformsExport-noconfig.cmake
-- Installing: /home/lowjunen/StanfordMSL/TrajBridge/install/px4_ros_com/share/px4_ros_com/cmake/ament_cmake_export_dependencies-extras.cmake
-- Installing: /home/lowjunen/StanfordMSL/TrajBridge/install/px4_ros_com/share/px4_ros_com/cmake/ament_cmake_export_targets-extras.cmake
-- Installing: /home/lowjunen/StanfordMSL/TrajBridge/install/px4_ros_com/share/px4_ros_com/cmake/ament_cmake_export_include_directories-extras.cmake
-- Installing: /home/lowjunen/StanfordMSL/TrajBridge/install/px4_ros_com/share/px4_ros_com/cmake/ament_cmake_export_libraries-extras.cmake
-- Installing: /home/lowjunen/StanfordMSL/TrajBridge/install/px4_ros_com/share/px4_ros_com/cmake/px4_ros_comConfig.cmake
-- Installing: /home/lowjunen/StanfordMSL/TrajBridge/install/px4_ros_com/share/px4_ros_com/cmake/px4_ros_comConfig-version.cmake
-- Installing: /home/lowjunen/StanfordMSL/TrajBridge/install/px4_ros_com/share/px4_ros_com/package.xml
