[  0%] Built target std_msgs_generate_messages_eus
[  0%] Built target std_msgs_generate_messages_py
[  0%] Built target std_msgs_generate_messages_lisp
[  0%] Built target std_msgs_generate_messages_cpp
[  0%] Built target std_msgs_generate_messages_nodejs
[  0%] Built target _bridge_px4_generate_messages_check_deps_GcsCmd
[ 22%] Built target bridge_px4_generate_messages_eus
[ 55%] Built target bridge_px4_generate_messages_py
[ 55%] Built target bridge_px4_generate_messages_cpp
[ 77%] Built target bridge_px4_generate_messages_nodejs
[ 77%] Built target bridge_px4_generate_messages_lisp
[ 77%] Built target bridge_px4_gencpp
[ 77%] Built target bridge_px4_generate_messages
[35m[1mScanning dependencies of target setpoint_publisher_node[0m
[ 88%] [32mBuilding CXX object CMakeFiles/setpoint_publisher_node.dir/src/setpoint_publisher_node.cpp.o[0m
[01m[K/home/lowjunen/StanfordMSL/TrajBridge-PX4/src/bridge_px4/src/setpoint_publisher_node.cpp:[m[K In constructor ‘[01m[KSetpointPublisher::SetpointPublisher(ros::NodeHandle*)[m[K’:
[01m[K/home/lowjunen/StanfordMSL/TrajBridge-PX4/src/bridge_px4/src/setpoint_publisher_node.cpp:8:83:[m[K [01;31m[Kerror: [m[Kinvalid use of non-static member function ‘[01m[Kvoid SetpointPublisher::state_cb(const ConstPtr&)[m[K’
     state_sub   = nh->subscribe<mavros_msgs::State>("mavros/state",1,state_cb,this[01;31m[K)[m[K;
                                                                                   [01;31m[K^[m[K
In file included from [01m[K/home/lowjunen/StanfordMSL/TrajBridge-PX4/src/bridge_px4/src/setpoint_publisher_node.cpp:1:0[m[K:
[01m[K/home/lowjunen/StanfordMSL/TrajBridge-PX4/src/bridge_px4/include/bridge_px4/setpoint_publisher_node.h:44:9:[m[K [01;36m[Knote: [m[Kdeclared here
    void [01;36m[Kstate_cb[m[K(const mavros_msgs::State::ConstPtr& msg);
         [01;36m[K^~~~~~~~[m[K
[01m[K/home/lowjunen/StanfordMSL/TrajBridge-PX4/src/bridge_px4/src/setpoint_publisher_node.cpp:9:105:[m[K [01;31m[Kerror: [m[Kinvalid use of non-static member function ‘[01m[Kvoid SetpointPublisher::pose_cb(const ConstPtr&)[m[K’
     pose_sub    = nh->subscribe<geometry_msgs::PoseStamped>("/mavros/local_position/pose",1,pose_cb,this[01;31m[K)[m[K;
                                                                                                         [01;31m[K^[m[K
In file included from [01m[K/home/lowjunen/StanfordMSL/TrajBridge-PX4/src/bridge_px4/src/setpoint_publisher_node.cpp:1:0[m[K:
[01m[K/home/lowjunen/StanfordMSL/TrajBridge-PX4/src/bridge_px4/include/bridge_px4/setpoint_publisher_node.h:45:9:[m[K [01;36m[Knote: [m[Kdeclared here
    void [01;36m[Kpose_cb[m[K(const geometry_msgs::PoseStamped::ConstPtr& msg);
         [01;36m[K^~~~~~~[m[K
CMakeFiles/setpoint_publisher_node.dir/build.make:62: recipe for target 'CMakeFiles/setpoint_publisher_node.dir/src/setpoint_publisher_node.cpp.o' failed
make[2]: *** [CMakeFiles/setpoint_publisher_node.dir/src/setpoint_publisher_node.cpp.o] Error 1
CMakeFiles/Makefile2:2673: recipe for target 'CMakeFiles/setpoint_publisher_node.dir/all' failed
make[1]: *** [CMakeFiles/setpoint_publisher_node.dir/all] Error 2
Makefile:140: recipe for target 'all' failed
make: *** [all] Error 2
