Linked: (/home/lowjunen/StanfordMSL/TrajBridge-PX4/devel/.private/bridge_px4/share/gennodejs/ros/bridge_px4/_index.js, /home/lowjunen/StanfordMSL/TrajBridge-PX4/devel/share/gennodejs/ros/bridge_px4/_index.js)
Linked: (/home/lowjunen/StanfordMSL/TrajBridge-PX4/devel/.private/bridge_px4/share/gennodejs/ros/bridge_px4/srv/_index.js, /home/lowjunen/StanfordMSL/TrajBridge-PX4/devel/share/gennodejs/ros/bridge_px4/srv/_index.js)
Linked: (/home/lowjunen/StanfordMSL/TrajBridge-PX4/devel/.private/bridge_px4/share/gennodejs/ros/bridge_px4/srv/GcsCmd.js, /home/lowjunen/StanfordMSL/TrajBridge-PX4/devel/share/gennodejs/ros/bridge_px4/srv/GcsCmd.js)
Linked: (/home/lowjunen/StanfordMSL/TrajBridge-PX4/devel/.private/bridge_px4/share/common-lisp/ros/bridge_px4/srv/GcsCmd.lisp, /home/lowjunen/StanfordMSL/TrajBridge-PX4/devel/share/common-lisp/ros/bridge_px4/srv/GcsCmd.lisp)
Linked: (/home/lowjunen/StanfordMSL/TrajBridge-PX4/devel/.private/bridge_px4/share/common-lisp/ros/bridge_px4/srv/_package.lisp, /home/lowjunen/StanfordMSL/TrajBridge-PX4/devel/share/common-lisp/ros/bridge_px4/srv/_package.lisp)
Linked: (/home/lowjunen/StanfordMSL/TrajBridge-PX4/devel/.private/bridge_px4/share/common-lisp/ros/bridge_px4/srv/_package_GcsCmd.lisp, /home/lowjunen/StanfordMSL/TrajBridge-PX4/devel/share/common-lisp/ros/bridge_px4/srv/_package_GcsCmd.lisp)
Linked: (/home/lowjunen/StanfordMSL/TrajBridge-PX4/devel/.private/bridge_px4/share/common-lisp/ros/bridge_px4/srv/bridge_px4-srv.asd, /home/lowjunen/StanfordMSL/TrajBridge-PX4/devel/share/common-lisp/ros/bridge_px4/srv/bridge_px4-srv.asd)
Linked: (/home/lowjunen/StanfordMSL/TrajBridge-PX4/devel/.private/bridge_px4/share/roseus/ros/bridge_px4/manifest.l, /home/lowjunen/StanfordMSL/TrajBridge-PX4/devel/share/roseus/ros/bridge_px4/manifest.l)
Linked: (/home/lowjunen/StanfordMSL/TrajBridge-PX4/devel/.private/bridge_px4/share/roseus/ros/bridge_px4/srv/GcsCmd.l, /home/lowjunen/StanfordMSL/TrajBridge-PX4/devel/share/roseus/ros/bridge_px4/srv/GcsCmd.l)
Linked: (/home/lowjunen/StanfordMSL/TrajBridge-PX4/devel/.private/bridge_px4/share/bridge_px4/cmake/bridge_px4Config-version.cmake, /home/lowjunen/StanfordMSL/TrajBridge-PX4/devel/share/bridge_px4/cmake/bridge_px4Config-version.cmake)
Linked: (/home/lowjunen/StanfordMSL/TrajBridge-PX4/devel/.private/bridge_px4/share/bridge_px4/cmake/bridge_px4Config.cmake, /home/lowjunen/StanfordMSL/TrajBridge-PX4/devel/share/bridge_px4/cmake/bridge_px4Config.cmake)
Linked: (/home/lowjunen/StanfordMSL/TrajBridge-PX4/devel/.private/bridge_px4/share/bridge_px4/cmake/bridge_px4-msg-extras.cmake, /home/lowjunen/StanfordMSL/TrajBridge-PX4/devel/share/bridge_px4/cmake/bridge_px4-msg-extras.cmake)
Linked: (/home/lowjunen/StanfordMSL/TrajBridge-PX4/devel/.private/bridge_px4/share/bridge_px4/cmake/bridge_px4-msg-paths.cmake, /home/lowjunen/StanfordMSL/TrajBridge-PX4/devel/share/bridge_px4/cmake/bridge_px4-msg-paths.cmake)
Linked: (/home/lowjunen/StanfordMSL/TrajBridge-PX4/devel/.private/bridge_px4/include/bridge_px4/GcsCmd.h, /home/lowjunen/StanfordMSL/TrajBridge-PX4/devel/include/bridge_px4/GcsCmd.h)
Linked: (/home/lowjunen/StanfordMSL/TrajBridge-PX4/devel/.private/bridge_px4/include/bridge_px4/GcsCmdRequest.h, /home/lowjunen/StanfordMSL/TrajBridge-PX4/devel/include/bridge_px4/GcsCmdRequest.h)
Linked: (/home/lowjunen/StanfordMSL/TrajBridge-PX4/devel/.private/bridge_px4/include/bridge_px4/GcsCmdResponse.h, /home/lowjunen/StanfordMSL/TrajBridge-PX4/devel/include/bridge_px4/GcsCmdResponse.h)
Linked: (/home/lowjunen/StanfordMSL/TrajBridge-PX4/devel/.private/bridge_px4/lib/pkgconfig/bridge_px4.pc, /home/lowjunen/StanfordMSL/TrajBridge-PX4/devel/lib/pkgconfig/bridge_px4.pc)
Linked: (/home/lowjunen/StanfordMSL/TrajBridge-PX4/devel/.private/bridge_px4/lib/python2.7/dist-packages/bridge_px4/__init__.py, /home/lowjunen/StanfordMSL/TrajBridge-PX4/devel/lib/python2.7/dist-packages/bridge_px4/__init__.py)
Linked: (/home/lowjunen/StanfordMSL/TrajBridge-PX4/devel/.private/bridge_px4/lib/python2.7/dist-packages/bridge_px4/srv/_GcsCmd.py, /home/lowjunen/StanfordMSL/TrajBridge-PX4/devel/lib/python2.7/dist-packages/bridge_px4/srv/_GcsCmd.py)
Linked: (/home/lowjunen/StanfordMSL/TrajBridge-PX4/devel/.private/bridge_px4/lib/python2.7/dist-packages/bridge_px4/srv/__init__.py, /home/lowjunen/StanfordMSL/TrajBridge-PX4/devel/lib/python2.7/dist-packages/bridge_px4/srv/__init__.py)
Linked: (/home/lowjunen/StanfordMSL/TrajBridge-PX4/devel/.private/bridge_px4/lib/bridge_px4/setpoint_publisher_node, /home/lowjunen/StanfordMSL/TrajBridge-PX4/devel/lib/bridge_px4/setpoint_publisher_node)
