In file included from [01m[K/opt/ros/melodic/include/ros/ros.h:40:0[m[K,
                 from [01m[K/home/lowjunen/StanfordMSL/TrajBridge-PX4/src/bridge_px4/include/bridge_px4/setpoint_publisher_node.h:14[m[K,
                 from [01m[K/home/lowjunen/StanfordMSL/TrajBridge-PX4/src/bridge_px4/src/setpoint_publisher_node.cpp:1[m[K:
[01m[K/home/lowjunen/StanfordMSL/TrajBridge-PX4/src/bridge_px4/src/setpoint_publisher_node.cpp:[m[K In function ‘[01m[Kint main(int, char**)[m[K’:
[01m[K/home/lowjunen/StanfordMSL/TrajBridge-PX4/src/bridge_px4/src/setpoint_publisher_node.cpp:11:26:[m[K [01;31m[Kerror: [m[K‘[01m[Kstate[m[K’ was not declared in this scope
         ROS_INFO("&d \n",[01;31m[Ks[m[Ktate)
                          [01;31m[K^[m[K
[01m[K/opt/ros/melodic/include/ros/console.h:348:165:[m[K [01;36m[Knote: [m[Kin definition of macro ‘[01m[KROSCONSOLE_PRINT_AT_LOCATION_WITH_FILTER[m[K’
     ::ros::console::print(filter, __rosconsole_define_location__loc.logger_, __rosconsole_define_location__loc.level_, __FILE__, __LINE__, __ROSCONSOLE_FUNCTION__, [01;36m[K__VA_ARGS__[m[K)
                                                                                                                                                                     [01;36m[K^~~~~~~~~~~[m[K
[01m[K/opt/ros/melodic/include/ros/console.h:387:7:[m[K [01;36m[Knote: [m[Kin expansion of macro ‘[01m[KROSCONSOLE_PRINT_AT_LOCATION[m[K’
       [01;36m[KROSCONSOLE_PRINT_AT_LOCATION[m[K(__VA_ARGS__); \
       [01;36m[K^~~~~~~~~~~~~~~~~~~~~~~~~~~~[m[K
[01m[K/opt/ros/melodic/include/ros/console.h:572:35:[m[K [01;36m[Knote: [m[Kin expansion of macro ‘[01m[KROS_LOG_COND[m[K’
 #define ROS_LOG(level, name, ...) [01;36m[KROS_LOG_COND[m[K(true, level, name, __VA_ARGS__)
                                   [01;36m[K^~~~~~~~~~~~[m[K
[01m[K/opt/ros/melodic/include/rosconsole/macros_generated.h:110:23:[m[K [01;36m[Knote: [m[Kin expansion of macro ‘[01m[KROS_LOG[m[K’
 #define ROS_INFO(...) [01;36m[KROS_LOG[m[K(::ros::console::levels::Info, ROSCONSOLE_DEFAULT_NAME, __VA_ARGS__)
                       [01;36m[K^~~~~~~[m[K
[01m[K/home/lowjunen/StanfordMSL/TrajBridge-PX4/src/bridge_px4/src/setpoint_publisher_node.cpp:11:9:[m[K [01;36m[Knote: [m[Kin expansion of macro ‘[01m[KROS_INFO[m[K’
         [01;36m[KROS_INFO[m[K("&d \n",state)
         [01;36m[K^~~~~~~~[m[K
[01m[K/home/lowjunen/StanfordMSL/TrajBridge-PX4/src/bridge_px4/src/setpoint_publisher_node.cpp:11:26:[m[K [01;36m[Knote: [m[Ksuggested alternative: ‘[01m[Kstime[m[K’
         ROS_INFO("&d \n",[01;36m[Ks[m[Ktate)
                          [01;36m[K^[m[K
[01m[K/opt/ros/melodic/include/ros/console.h:348:165:[m[K [01;36m[Knote: [m[Kin definition of macro ‘[01m[KROSCONSOLE_PRINT_AT_LOCATION_WITH_FILTER[m[K’
     ::ros::console::print(filter, __rosconsole_define_location__loc.logger_, __rosconsole_define_location__loc.level_, __FILE__, __LINE__, __ROSCONSOLE_FUNCTION__, [01;36m[K__VA_ARGS__[m[K)
                                                                                                                                                                     [01;36m[K^~~~~~~~~~~[m[K
[01m[K/opt/ros/melodic/include/ros/console.h:387:7:[m[K [01;36m[Knote: [m[Kin expansion of macro ‘[01m[KROSCONSOLE_PRINT_AT_LOCATION[m[K’
       [01;36m[KROSCONSOLE_PRINT_AT_LOCATION[m[K(__VA_ARGS__); \
       [01;36m[K^~~~~~~~~~~~~~~~~~~~~~~~~~~~[m[K
[01m[K/opt/ros/melodic/include/ros/console.h:572:35:[m[K [01;36m[Knote: [m[Kin expansion of macro ‘[01m[KROS_LOG_COND[m[K’
 #define ROS_LOG(level, name, ...) [01;36m[KROS_LOG_COND[m[K(true, level, name, __VA_ARGS__)
                                   [01;36m[K^~~~~~~~~~~~[m[K
[01m[K/opt/ros/melodic/include/rosconsole/macros_generated.h:110:23:[m[K [01;36m[Knote: [m[Kin expansion of macro ‘[01m[KROS_LOG[m[K’
 #define ROS_INFO(...) [01;36m[KROS_LOG[m[K(::ros::console::levels::Info, ROSCONSOLE_DEFAULT_NAME, __VA_ARGS__)
                       [01;36m[K^~~~~~~[m[K
[01m[K/home/lowjunen/StanfordMSL/TrajBridge-PX4/src/bridge_px4/src/setpoint_publisher_node.cpp:11:9:[m[K [01;36m[Knote: [m[Kin expansion of macro ‘[01m[KROS_INFO[m[K’
         [01;36m[KROS_INFO[m[K("&d \n",state)
         [01;36m[K^~~~~~~~[m[K
[01m[K/home/lowjunen/StanfordMSL/TrajBridge-PX4/src/bridge_px4/src/setpoint_publisher_node.cpp:13:9:[m[K [01;31m[Kerror: [m[Kexpected ‘[01m[K;[m[K’ before ‘[01m[Kros[m[K’
         [01;31m[Kros[m[K::spinOnce();
         [01;31m[K^~~[m[K
make[2]: *** [CMakeFiles/setpoint_publisher_node.dir/src/setpoint_publisher_node.cpp.o] Error 1
make[1]: *** [CMakeFiles/setpoint_publisher_node.dir/all] Error 2
make: *** [all] Error 2
