[ 80%] Built target vehicle_gps_position_listener
[ 80%] Built target offboard_control
[ 80%] Built target debug_vect_advertiser
[100%] Built target frame_transforms
[ 80%] Built target sensor_combined_listener
-- Install configuration: ""
-- Up-to-date: /home/lowjunen/StanfordMSL/TrajBridge/install/px4_ros_com/lib/px4_ros_com/sensor_combined_listener
-- Up-to-date: /home/lowjunen/StanfordMSL/TrajBridge/install/px4_ros_com/lib/px4_ros_com/vehicle_gps_position_listener
-- Up-to-date: /home/lowjunen/StanfordMSL/TrajBridge/install/px4_ros_com/lib/px4_ros_com/debug_vect_advertiser
-- Up-to-date: /home/lowjunen/StanfordMSL/TrajBridge/install/px4_ros_com/lib/px4_ros_com/offboard_control
-- Up-to-date: /home/lowjunen/StanfordMSL/TrajBridge/install/px4_ros_com/share/px4_ros_com/environment/library_path.sh
-- Up-to-date: /home/lowjunen/StanfordMSL/TrajBridge/install/px4_ros_com/share/px4_ros_com/environment/library_path.dsv
-- Up-to-date: /home/lowjunen/StanfordMSL/TrajBridge/install/px4_ros_com/include/px4_ros_com
-- Up-to-date: /home/lowjunen/StanfordMSL/TrajBridge/install/px4_ros_com/include/px4_ros_com/frame_transforms.h
-- Up-to-date: /home/lowjunen/StanfordMSL/TrajBridge/install/px4_ros_com/lib/libframe_transforms.so
-- Up-to-date: /home/lowjunen/StanfordMSL/TrajBridge/install/px4_ros_com/share/px4_ros_com//launch
-- Up-to-date: /home/lowjunen/StanfordMSL/TrajBridge/install/px4_ros_com/share/px4_ros_com//launch/offboard_control_launch.yaml
-- Up-to-date: /home/lowjunen/StanfordMSL/TrajBridge/install/px4_ros_com/share/px4_ros_com//launch/sensor_combined_listener.launch.py
-- Up-to-date: /home/lowjunen/StanfordMSL/TrajBridge/install/px4_ros_com/share/px4_ros_com//test
-- Up-to-date: /home/lowjunen/StanfordMSL/TrajBridge/install/px4_ros_com/share/px4_ros_com//test/test_output.py
-- Up-to-date: /home/lowjunen/StanfordMSL/TrajBridge/install/px4_ros_com/share/px4_ros_com//test/__init__.py
-- Up-to-date: /home/lowjunen/StanfordMSL/TrajBridge/install/px4_ros_com/share/px4_ros_com//test/test_input.py
-- Up-to-date: /home/lowjunen/StanfordMSL/TrajBridge/install/px4_ros_com/share/px4_ros_com//test/pipeline_io_test.py
-- Up-to-date: /home/lowjunen/StanfordMSL/TrajBridge/install/px4_ros_com/share/ament_index/resource_index/package_run_dependencies/px4_ros_com
-- Up-to-date: /home/lowjunen/StanfordMSL/TrajBridge/install/px4_ros_com/share/ament_index/resource_index/parent_prefix_path/px4_ros_com
-- Up-to-date: /home/lowjunen/StanfordMSL/TrajBridge/install/px4_ros_com/share/px4_ros_com/environment/ament_prefix_path.sh
-- Up-to-date: /home/lowjunen/StanfordMSL/TrajBridge/install/px4_ros_com/share/px4_ros_com/environment/ament_prefix_path.dsv
-- Up-to-date: /home/lowjunen/StanfordMSL/TrajBridge/install/px4_ros_com/share/px4_ros_com/environment/path.sh
-- Up-to-date: /home/lowjunen/StanfordMSL/TrajBridge/install/px4_ros_com/share/px4_ros_com/environment/path.dsv
-- Up-to-date: /home/lowjunen/StanfordMSL/TrajBridge/install/px4_ros_com/share/px4_ros_com/local_setup.bash
-- Up-to-date: /home/lowjunen/StanfordMSL/TrajBridge/install/px4_ros_com/share/px4_ros_com/local_setup.sh
-- Up-to-date: /home/lowjunen/StanfordMSL/TrajBridge/install/px4_ros_com/share/px4_ros_com/local_setup.zsh
-- Up-to-date: /home/lowjunen/StanfordMSL/TrajBridge/install/px4_ros_com/share/px4_ros_com/local_setup.dsv
-- Installing: /home/lowjunen/StanfordMSL/TrajBridge/install/px4_ros_com/share/px4_ros_com/package.dsv
-- Up-to-date: /home/lowjunen/StanfordMSL/TrajBridge/install/px4_ros_com/share/ament_index/resource_index/packages/px4_ros_com
-- Up-to-date: /home/lowjunen/StanfordMSL/TrajBridge/install/px4_ros_com/share/px4_ros_com/cmake/export_frame_transformsExport.cmake
-- Up-to-date: /home/lowjunen/StanfordMSL/TrajBridge/install/px4_ros_com/share/px4_ros_com/cmake/export_frame_transformsExport-noconfig.cmake
-- Up-to-date: /home/lowjunen/StanfordMSL/TrajBridge/install/px4_ros_com/share/px4_ros_com/cmake/ament_cmake_export_dependencies-extras.cmake
-- Up-to-date: /home/lowjunen/StanfordMSL/TrajBridge/install/px4_ros_com/share/px4_ros_com/cmake/ament_cmake_export_targets-extras.cmake
-- Up-to-date: /home/lowjunen/StanfordMSL/TrajBridge/install/px4_ros_com/share/px4_ros_com/cmake/ament_cmake_export_include_directories-extras.cmake
-- Up-to-date: /home/lowjunen/StanfordMSL/TrajBridge/install/px4_ros_com/share/px4_ros_com/cmake/ament_cmake_export_libraries-extras.cmake
-- Up-to-date: /home/lowjunen/StanfordMSL/TrajBridge/install/px4_ros_com/share/px4_ros_com/cmake/px4_ros_comConfig.cmake
-- Up-to-date: /home/lowjunen/StanfordMSL/TrajBridge/install/px4_ros_com/share/px4_ros_com/cmake/px4_ros_comConfig-version.cmake
-- Up-to-date: /home/lowjunen/StanfordMSL/TrajBridge/install/px4_ros_com/share/px4_ros_com/package.xml
