[0.017s] Invoking command in '/home/lowjunen/StanfordMSL/TrajBridge/build/px4_ros_com': AMENT_PREFIX_PATH=/home/lowjunen/StanfordMSL/TrajBridge/install/px4_msgs:${AMENT_PREFIX_PATH} CMAKE_PREFIX_PATH=/home/lowjunen/StanfordMSL/TrajBridge/install/px4_msgs:/opt/ros/foxy LD_LIBRARY_PATH=/home/lowjunen/StanfordMSL/TrajBridge/install/px4_msgs/lib:${LD_LIBRARY_PATH} PYTHONPATH=/home/lowjunen/StanfordMSL/TrajBridge/install/px4_msgs/lib/python3.8/site-packages:${PYTHONPATH} /usr/bin/cmake --build /home/lowjunen/StanfordMSL/TrajBridge/build/px4_ros_com -- -j12 -l12
[0.102s] [ 80%] Built target vehicle_gps_position_listener
[0.102s] [ 80%] Built target offboard_control
[0.102s] [ 80%] Built target debug_vect_advertiser
[0.103s] [100%] Built target frame_transforms
[0.103s] [ 80%] Built target sensor_combined_listener
[0.118s] Invoked command in '/home/lowjunen/StanfordMSL/TrajBridge/build/px4_ros_com' returned '0': AMENT_PREFIX_PATH=/home/lowjunen/StanfordMSL/TrajBridge/install/px4_msgs:${AMENT_PREFIX_PATH} CMAKE_PREFIX_PATH=/home/lowjunen/StanfordMSL/TrajBridge/install/px4_msgs:/opt/ros/foxy LD_LIBRARY_PATH=/home/lowjunen/StanfordMSL/TrajBridge/install/px4_msgs/lib:${LD_LIBRARY_PATH} PYTHONPATH=/home/lowjunen/StanfordMSL/TrajBridge/install/px4_msgs/lib/python3.8/site-packages:${PYTHONPATH} /usr/bin/cmake --build /home/lowjunen/StanfordMSL/TrajBridge/build/px4_ros_com -- -j12 -l12
[0.163s] Invoking command in '/home/lowjunen/StanfordMSL/TrajBridge/build/px4_ros_com': AMENT_PREFIX_PATH=/home/lowjunen/StanfordMSL/TrajBridge/install/px4_msgs:${AMENT_PREFIX_PATH} CMAKE_PREFIX_PATH=/home/lowjunen/StanfordMSL/TrajBridge/install/px4_msgs:/opt/ros/foxy LD_LIBRARY_PATH=/home/lowjunen/StanfordMSL/TrajBridge/install/px4_msgs/lib:${LD_LIBRARY_PATH} PYTHONPATH=/home/lowjunen/StanfordMSL/TrajBridge/install/px4_msgs/lib/python3.8/site-packages:${PYTHONPATH} /usr/bin/cmake --install /home/lowjunen/StanfordMSL/TrajBridge/build/px4_ros_com
[0.175s] -- Install configuration: ""
[0.175s] -- Up-to-date: /home/lowjunen/StanfordMSL/TrajBridge/install/px4_ros_com/lib/px4_ros_com/sensor_combined_listener
[0.176s] -- Up-to-date: /home/lowjunen/StanfordMSL/TrajBridge/install/px4_ros_com/lib/px4_ros_com/vehicle_gps_position_listener
[0.176s] -- Up-to-date: /home/lowjunen/StanfordMSL/TrajBridge/install/px4_ros_com/lib/px4_ros_com/debug_vect_advertiser
[0.177s] -- Up-to-date: /home/lowjunen/StanfordMSL/TrajBridge/install/px4_ros_com/lib/px4_ros_com/offboard_control
[0.178s] -- Up-to-date: /home/lowjunen/StanfordMSL/TrajBridge/install/px4_ros_com/share/px4_ros_com/environment/library_path.sh
[0.178s] -- Up-to-date: /home/lowjunen/StanfordMSL/TrajBridge/install/px4_ros_com/share/px4_ros_com/environment/library_path.dsv
[0.178s] -- Up-to-date: /home/lowjunen/StanfordMSL/TrajBridge/install/px4_ros_com/include/px4_ros_com
[0.178s] -- Up-to-date: /home/lowjunen/StanfordMSL/TrajBridge/install/px4_ros_com/include/px4_ros_com/frame_transforms.h
[0.178s] -- Up-to-date: /home/lowjunen/StanfordMSL/TrajBridge/install/px4_ros_com/lib/libframe_transforms.so
[0.178s] -- Up-to-date: /home/lowjunen/StanfordMSL/TrajBridge/install/px4_ros_com/share/px4_ros_com//launch
[0.178s] -- Up-to-date: /home/lowjunen/StanfordMSL/TrajBridge/install/px4_ros_com/share/px4_ros_com//launch/offboard_control_launch.yaml
[0.179s] -- Up-to-date: /home/lowjunen/StanfordMSL/TrajBridge/install/px4_ros_com/share/px4_ros_com//launch/sensor_combined_listener.launch.py
[0.179s] -- Up-to-date: /home/lowjunen/StanfordMSL/TrajBridge/install/px4_ros_com/share/px4_ros_com//test
[0.179s] -- Up-to-date: /home/lowjunen/StanfordMSL/TrajBridge/install/px4_ros_com/share/px4_ros_com//test/test_output.py
[0.179s] -- Up-to-date: /home/lowjunen/StanfordMSL/TrajBridge/install/px4_ros_com/share/px4_ros_com//test/__init__.py
[0.179s] -- Up-to-date: /home/lowjunen/StanfordMSL/TrajBridge/install/px4_ros_com/share/px4_ros_com//test/test_input.py
[0.179s] -- Up-to-date: /home/lowjunen/StanfordMSL/TrajBridge/install/px4_ros_com/share/px4_ros_com//test/pipeline_io_test.py
[0.179s] -- Up-to-date: /home/lowjunen/StanfordMSL/TrajBridge/install/px4_ros_com/share/ament_index/resource_index/package_run_dependencies/px4_ros_com
[0.179s] -- Up-to-date: /home/lowjunen/StanfordMSL/TrajBridge/install/px4_ros_com/share/ament_index/resource_index/parent_prefix_path/px4_ros_com
[0.180s] -- Up-to-date: /home/lowjunen/StanfordMSL/TrajBridge/install/px4_ros_com/share/px4_ros_com/environment/ament_prefix_path.sh
[0.180s] -- Up-to-date: /home/lowjunen/StanfordMSL/TrajBridge/install/px4_ros_com/share/px4_ros_com/environment/ament_prefix_path.dsv
[0.180s] -- Up-to-date: /home/lowjunen/StanfordMSL/TrajBridge/install/px4_ros_com/share/px4_ros_com/environment/path.sh
[0.180s] -- Up-to-date: /home/lowjunen/StanfordMSL/TrajBridge/install/px4_ros_com/share/px4_ros_com/environment/path.dsv
[0.180s] -- Up-to-date: /home/lowjunen/StanfordMSL/TrajBridge/install/px4_ros_com/share/px4_ros_com/local_setup.bash
[0.180s] -- Up-to-date: /home/lowjunen/StanfordMSL/TrajBridge/install/px4_ros_com/share/px4_ros_com/local_setup.sh
[0.180s] -- Up-to-date: /home/lowjunen/StanfordMSL/TrajBridge/install/px4_ros_com/share/px4_ros_com/local_setup.zsh
[0.180s] -- Up-to-date: /home/lowjunen/StanfordMSL/TrajBridge/install/px4_ros_com/share/px4_ros_com/local_setup.dsv
[0.180s] -- Installing: /home/lowjunen/StanfordMSL/TrajBridge/install/px4_ros_com/share/px4_ros_com/package.dsv
[0.181s] -- Up-to-date: /home/lowjunen/StanfordMSL/TrajBridge/install/px4_ros_com/share/ament_index/resource_index/packages/px4_ros_com
[0.181s] -- Up-to-date: /home/lowjunen/StanfordMSL/TrajBridge/install/px4_ros_com/share/px4_ros_com/cmake/export_frame_transformsExport.cmake
[0.181s] -- Up-to-date: /home/lowjunen/StanfordMSL/TrajBridge/install/px4_ros_com/share/px4_ros_com/cmake/export_frame_transformsExport-noconfig.cmake
[0.181s] -- Up-to-date: /home/lowjunen/StanfordMSL/TrajBridge/install/px4_ros_com/share/px4_ros_com/cmake/ament_cmake_export_dependencies-extras.cmake
[0.181s] -- Up-to-date: /home/lowjunen/StanfordMSL/TrajBridge/install/px4_ros_com/share/px4_ros_com/cmake/ament_cmake_export_targets-extras.cmake
[0.181s] -- Up-to-date: /home/lowjunen/StanfordMSL/TrajBridge/install/px4_ros_com/share/px4_ros_com/cmake/ament_cmake_export_include_directories-extras.cmake
[0.181s] -- Up-to-date: /home/lowjunen/StanfordMSL/TrajBridge/install/px4_ros_com/share/px4_ros_com/cmake/ament_cmake_export_libraries-extras.cmake
[0.181s] -- Up-to-date: /home/lowjunen/StanfordMSL/TrajBridge/install/px4_ros_com/share/px4_ros_com/cmake/px4_ros_comConfig.cmake
[0.181s] -- Up-to-date: /home/lowjunen/StanfordMSL/TrajBridge/install/px4_ros_com/share/px4_ros_com/cmake/px4_ros_comConfig-version.cmake
[0.181s] -- Up-to-date: /home/lowjunen/StanfordMSL/TrajBridge/install/px4_ros_com/share/px4_ros_com/package.xml
[0.187s] Invoked command in '/home/lowjunen/StanfordMSL/TrajBridge/build/px4_ros_com' returned '0': AMENT_PREFIX_PATH=/home/lowjunen/StanfordMSL/TrajBridge/install/px4_msgs:${AMENT_PREFIX_PATH} CMAKE_PREFIX_PATH=/home/lowjunen/StanfordMSL/TrajBridge/install/px4_msgs:/opt/ros/foxy LD_LIBRARY_PATH=/home/lowjunen/StanfordMSL/TrajBridge/install/px4_msgs/lib:${LD_LIBRARY_PATH} PYTHONPATH=/home/lowjunen/StanfordMSL/TrajBridge/install/px4_msgs/lib/python3.8/site-packages:${PYTHONPATH} /usr/bin/cmake --install /home/lowjunen/StanfordMSL/TrajBridge/build/px4_ros_com
