Determining if the pthread_create exist failed with the following output:
Change Dir: /home/lowjunen/StanfordMSL/TrajBridge-PX4/build/bridge_px4/CMakeFiles/CMakeTmp

Run Build Command:"/usr/bin/make" "cmTC_51a47/fast"
/usr/bin/make -f CMakeFiles/cmTC_51a47.dir/build.make CMakeFiles/cmTC_51a47.dir/build
make[1]: Entering directory '/home/lowjunen/StanfordMSL/TrajBridge-PX4/build/bridge_px4/CMakeFiles/CMakeTmp'
Building C object CMakeFiles/cmTC_51a47.dir/CheckSymbolExists.c.o
/usr/bin/cc    -o CMakeFiles/cmTC_51a47.dir/CheckSymbolExists.c.o   -c /home/lowjunen/StanfordMSL/TrajBridge-PX4/build/bridge_px4/CMakeFiles/CMakeTmp/CheckSymbolExists.c
Linking C executable cmTC_51a47
/usr/bin/cmake -E cmake_link_script CMakeFiles/cmTC_51a47.dir/link.txt --verbose=1
/usr/bin/cc      -rdynamic CMakeFiles/cmTC_51a47.dir/CheckSymbolExists.c.o  -o cmTC_51a47 
CMakeFiles/cmTC_51a47.dir/CheckSymbolExists.c.o: In function `main':
CheckSymbolExists.c:(.text+0x1b): undefined reference to `pthread_create'
collect2: error: ld returned 1 exit status
CMakeFiles/cmTC_51a47.dir/build.make:97: recipe for target 'cmTC_51a47' failed
make[1]: *** [cmTC_51a47] Error 1
make[1]: Leaving directory '/home/lowjunen/StanfordMSL/TrajBridge-PX4/build/bridge_px4/CMakeFiles/CMakeTmp'
Makefile:126: recipe for target 'cmTC_51a47/fast' failed
make: *** [cmTC_51a47/fast] Error 2

File /home/lowjunen/StanfordMSL/TrajBridge-PX4/build/bridge_px4/CMakeFiles/CMakeTmp/CheckSymbolExists.c:
/* */
#include <pthread.h>

int main(int argc, char** argv)
{
  (void)argv;
#ifndef pthread_create
  return ((int*)(&pthread_create))[argc];
#else
  (void)argc;
  return 0;
#endif
}

Determining if the function pthread_create exists in the pthreads failed with the following output:
Change Dir: /home/lowjunen/StanfordMSL/TrajBridge-PX4/build/bridge_px4/CMakeFiles/CMakeTmp

Run Build Command:"/usr/bin/make" "cmTC_a2b69/fast"
/usr/bin/make -f CMakeFiles/cmTC_a2b69.dir/build.make CMakeFiles/cmTC_a2b69.dir/build
make[1]: Entering directory '/home/lowjunen/StanfordMSL/TrajBridge-PX4/build/bridge_px4/CMakeFiles/CMakeTmp'
Building C object CMakeFiles/cmTC_a2b69.dir/CheckFunctionExists.c.o
/usr/bin/cc   -DCHECK_FUNCTION_EXISTS=pthread_create   -o CMakeFiles/cmTC_a2b69.dir/CheckFunctionExists.c.o   -c /usr/share/cmake-3.10/Modules/CheckFunctionExists.c
Linking C executable cmTC_a2b69
/usr/bin/cmake -E cmake_link_script CMakeFiles/cmTC_a2b69.dir/link.txt --verbose=1
/usr/bin/cc  -DCHECK_FUNCTION_EXISTS=pthread_create    -rdynamic CMakeFiles/cmTC_a2b69.dir/CheckFunctionExists.c.o  -o cmTC_a2b69 -lpthreads 
/usr/bin/ld: cannot find -lpthreads
collect2: error: ld returned 1 exit status
CMakeFiles/cmTC_a2b69.dir/build.make:97: recipe for target 'cmTC_a2b69' failed
make[1]: *** [cmTC_a2b69] Error 1
make[1]: Leaving directory '/home/lowjunen/StanfordMSL/TrajBridge-PX4/build/bridge_px4/CMakeFiles/CMakeTmp'
Makefile:126: recipe for target 'cmTC_a2b69/fast' failed
make: *** [cmTC_a2b69/fast] Error 2


