[0.391s] DEBUG:colcon:Command line arguments: ['/usr/bin/colcon', 'build']
[0.391s] DEBUG:colcon:Parsed command line arguments: Namespace(allow_overriding=[], ament_cmake_args=None, base_paths=['.'], build_base='build', catkin_cmake_args=None, catkin_skip_building_tests=False, cmake_args=None, cmake_clean_cache=False, cmake_clean_first=False, cmake_force_configure=False, cmake_target=None, cmake_target_skip_unavailable=False, continue_on_error=False, event_handlers=None, executor='parallel', ignore_user_meta=False, install_base='install', log_base=None, log_level=None, main=<bound method BuildVerb.main of <colcon_core.verb.build.BuildVerb object at 0x7fced22d6340>>, merge_install=False, metas=['./colcon.meta'], packages_above=None, packages_above_and_dependencies=None, packages_above_depth=None, packages_end=None, packages_ignore=None, packages_ignore_regex=None, packages_select=None, packages_select_build_failed=False, packages_select_by_dep=None, packages_select_regex=None, packages_select_test_failures=False, packages_skip=None, packages_skip_build_finished=False, packages_skip_by_dep=None, packages_skip_regex=None, packages_skip_test_passed=False, packages_skip_up_to=None, packages_start=None, packages_up_to=None, packages_up_to_regex=None, parallel_workers=12, paths=None, symlink_install=False, test_result_base=None, verb_extension=<colcon_core.verb.build.BuildVerb object at 0x7fced22d6340>, verb_name='build', verb_parser=<colcon_defaults.argument_parser.defaults.DefaultArgumentsDecorator object at 0x7fced229eee0>)
[0.446s] Level 1:colcon.colcon_core.package_discovery:discover_packages(colcon_meta) check parameters
[0.446s] Level 1:colcon.colcon_core.package_discovery:discover_packages(recursive) check parameters
[0.446s] Level 1:colcon.colcon_core.package_discovery:discover_packages(ignore) check parameters
[0.446s] Level 1:colcon.colcon_core.package_discovery:discover_packages(path) check parameters
[0.446s] Level 1:colcon.colcon_core.package_discovery:discover_packages(colcon_meta) discover
[0.446s] Level 1:colcon.colcon_core.package_discovery:discover_packages(recursive) discover
[0.446s] INFO:colcon.colcon_core.package_discovery:Crawling recursively for packages in '/home/lowjunen/StanfordMSL/TrajBridge'
[0.447s] Level 1:colcon.colcon_core.package_identification:_identify(.) by extensions ['ignore', 'ignore_ament_install']
[0.447s] Level 1:colcon.colcon_core.package_identification:_identify(.) by extension 'ignore'
[0.447s] Level 1:colcon.colcon_core.package_identification:_identify(.) by extension 'ignore_ament_install'
[0.447s] Level 1:colcon.colcon_core.package_identification:_identify(.) by extensions ['colcon_pkg']
[0.447s] Level 1:colcon.colcon_core.package_identification:_identify(.) by extension 'colcon_pkg'
[0.447s] Level 1:colcon.colcon_core.package_identification:_identify(.) by extensions ['colcon_meta']
[0.447s] Level 1:colcon.colcon_core.package_identification:_identify(.) by extension 'colcon_meta'
[0.447s] Level 1:colcon.colcon_core.package_identification:_identify(.) by extensions ['ros']
[0.447s] Level 1:colcon.colcon_core.package_identification:_identify(.) by extension 'ros'
[0.467s] Level 1:colcon.colcon_core.package_identification:_identify(.) by extensions ['cmake', 'python']
[0.468s] Level 1:colcon.colcon_core.package_identification:_identify(.) by extension 'cmake'
[0.468s] Level 1:colcon.colcon_core.package_identification:_identify(.) by extension 'python'
[0.468s] Level 1:colcon.colcon_core.package_identification:_identify(.) by extensions ['python_setup_py']
[0.468s] Level 1:colcon.colcon_core.package_identification:_identify(.) by extension 'python_setup_py'
[0.468s] Level 1:colcon.colcon_core.package_identification:_identify(build) by extensions ['ignore', 'ignore_ament_install']
[0.468s] Level 1:colcon.colcon_core.package_identification:_identify(build) by extension 'ignore'
[0.468s] Level 1:colcon.colcon_core.package_identification:_identify(build) ignored
[0.468s] Level 1:colcon.colcon_core.package_identification:_identify(install) by extensions ['ignore', 'ignore_ament_install']
[0.468s] Level 1:colcon.colcon_core.package_identification:_identify(install) by extension 'ignore'
[0.468s] Level 1:colcon.colcon_core.package_identification:_identify(install) ignored
[0.469s] Level 1:colcon.colcon_core.package_identification:_identify(log) by extensions ['ignore', 'ignore_ament_install']
[0.469s] Level 1:colcon.colcon_core.package_identification:_identify(log) by extension 'ignore'
[0.469s] Level 1:colcon.colcon_core.package_identification:_identify(log) ignored
[0.469s] Level 1:colcon.colcon_core.package_identification:_identify(src) by extensions ['ignore', 'ignore_ament_install']
[0.469s] Level 1:colcon.colcon_core.package_identification:_identify(src) by extension 'ignore'
[0.469s] Level 1:colcon.colcon_core.package_identification:_identify(src) by extension 'ignore_ament_install'
[0.469s] Level 1:colcon.colcon_core.package_identification:_identify(src) by extensions ['colcon_pkg']
[0.469s] Level 1:colcon.colcon_core.package_identification:_identify(src) by extension 'colcon_pkg'
[0.469s] Level 1:colcon.colcon_core.package_identification:_identify(src) by extensions ['colcon_meta']
[0.469s] Level 1:colcon.colcon_core.package_identification:_identify(src) by extension 'colcon_meta'
[0.469s] Level 1:colcon.colcon_core.package_identification:_identify(src) by extensions ['ros']
[0.469s] Level 1:colcon.colcon_core.package_identification:_identify(src) by extension 'ros'
[0.470s] Level 1:colcon.colcon_core.package_identification:_identify(src) by extensions ['cmake', 'python']
[0.470s] Level 1:colcon.colcon_core.package_identification:_identify(src) by extension 'cmake'
[0.470s] Level 1:colcon.colcon_core.package_identification:_identify(src) by extension 'python'
[0.470s] Level 1:colcon.colcon_core.package_identification:_identify(src) by extensions ['python_setup_py']
[0.470s] Level 1:colcon.colcon_core.package_identification:_identify(src) by extension 'python_setup_py'
[0.470s] Level 1:colcon.colcon_core.package_identification:_identify(src/bridge_px4) by extensions ['ignore', 'ignore_ament_install']
[0.470s] Level 1:colcon.colcon_core.package_identification:_identify(src/bridge_px4) by extension 'ignore'
[0.470s] Level 1:colcon.colcon_core.package_identification:_identify(src/bridge_px4) by extension 'ignore_ament_install'
[0.470s] Level 1:colcon.colcon_core.package_identification:_identify(src/bridge_px4) by extensions ['colcon_pkg']
[0.470s] Level 1:colcon.colcon_core.package_identification:_identify(src/bridge_px4) by extension 'colcon_pkg'
[0.470s] Level 1:colcon.colcon_core.package_identification:_identify(src/bridge_px4) by extensions ['colcon_meta']
[0.470s] Level 1:colcon.colcon_core.package_identification:_identify(src/bridge_px4) by extension 'colcon_meta'
[0.470s] Level 1:colcon.colcon_core.package_identification:_identify(src/bridge_px4) by extensions ['ros']
[0.470s] Level 1:colcon.colcon_core.package_identification:_identify(src/bridge_px4) by extension 'ros'
[0.474s] DEBUG:colcon.colcon_core.package_identification:Package 'src/bridge_px4' with type 'ros.ament_cmake' and name 'bridge_px4'
[0.474s] Level 1:colcon.colcon_core.package_identification:_identify(src/px4_msgs) by extensions ['ignore', 'ignore_ament_install']
[0.474s] Level 1:colcon.colcon_core.package_identification:_identify(src/px4_msgs) by extension 'ignore'
[0.474s] Level 1:colcon.colcon_core.package_identification:_identify(src/px4_msgs) by extension 'ignore_ament_install'
[0.474s] Level 1:colcon.colcon_core.package_identification:_identify(src/px4_msgs) by extensions ['colcon_pkg']
[0.474s] Level 1:colcon.colcon_core.package_identification:_identify(src/px4_msgs) by extension 'colcon_pkg'
[0.474s] Level 1:colcon.colcon_core.package_identification:_identify(src/px4_msgs) by extensions ['colcon_meta']
[0.474s] Level 1:colcon.colcon_core.package_identification:_identify(src/px4_msgs) by extension 'colcon_meta'
[0.474s] Level 1:colcon.colcon_core.package_identification:_identify(src/px4_msgs) by extensions ['ros']
[0.474s] Level 1:colcon.colcon_core.package_identification:_identify(src/px4_msgs) by extension 'ros'
[0.475s] DEBUG:colcon.colcon_core.package_identification:Package 'src/px4_msgs' with type 'ros.ament_cmake' and name 'px4_msgs'
[0.476s] Level 1:colcon.colcon_core.package_identification:_identify(src/px4_ros_com) by extensions ['ignore', 'ignore_ament_install']
[0.476s] Level 1:colcon.colcon_core.package_identification:_identify(src/px4_ros_com) by extension 'ignore'
[0.476s] Level 1:colcon.colcon_core.package_identification:_identify(src/px4_ros_com) by extension 'ignore_ament_install'
[0.476s] Level 1:colcon.colcon_core.package_identification:_identify(src/px4_ros_com) by extensions ['colcon_pkg']
[0.476s] Level 1:colcon.colcon_core.package_identification:_identify(src/px4_ros_com) by extension 'colcon_pkg'
[0.476s] Level 1:colcon.colcon_core.package_identification:_identify(src/px4_ros_com) by extensions ['colcon_meta']
[0.476s] Level 1:colcon.colcon_core.package_identification:_identify(src/px4_ros_com) by extension 'colcon_meta'
[0.476s] Level 1:colcon.colcon_core.package_identification:_identify(src/px4_ros_com) by extensions ['ros']
[0.476s] Level 1:colcon.colcon_core.package_identification:_identify(src/px4_ros_com) by extension 'ros'
[0.478s] DEBUG:colcon.colcon_core.package_identification:Package 'src/px4_ros_com' with type 'ros.ament_cmake' and name 'px4_ros_com'
[0.478s] Level 1:colcon.colcon_core.package_discovery:discover_packages(recursive) using defaults
[0.478s] Level 1:colcon.colcon_core.package_discovery:discover_packages(ignore) discover
[0.478s] Level 1:colcon.colcon_core.package_discovery:discover_packages(ignore) using defaults
[0.478s] Level 1:colcon.colcon_core.package_discovery:discover_packages(path) discover
[0.478s] Level 1:colcon.colcon_core.package_discovery:discover_packages(path) using defaults
[0.511s] Level 1:colcon.colcon_core.package_discovery:discover_packages(prefix_path) check parameters
[0.511s] Level 1:colcon.colcon_core.package_discovery:discover_packages(prefix_path) discover
[0.516s] DEBUG:colcon.colcon_installed_package_information.package_discovery:Found 256 installed packages in /opt/ros/foxy
[0.518s] Level 1:colcon.colcon_core.package_discovery:discover_packages(prefix_path) using defaults
[0.583s] Level 5:colcon.colcon_core.verb:set package 'bridge_px4' build argument 'cmake_args' from command line to 'None'
[0.583s] Level 5:colcon.colcon_core.verb:set package 'bridge_px4' build argument 'cmake_target' from command line to 'None'
[0.583s] Level 5:colcon.colcon_core.verb:set package 'bridge_px4' build argument 'cmake_target_skip_unavailable' from command line to 'False'
[0.583s] Level 5:colcon.colcon_core.verb:set package 'bridge_px4' build argument 'cmake_clean_cache' from command line to 'False'
[0.583s] Level 5:colcon.colcon_core.verb:set package 'bridge_px4' build argument 'cmake_clean_first' from command line to 'False'
[0.583s] Level 5:colcon.colcon_core.verb:set package 'bridge_px4' build argument 'cmake_force_configure' from command line to 'False'
[0.583s] Level 5:colcon.colcon_core.verb:set package 'bridge_px4' build argument 'ament_cmake_args' from command line to 'None'
[0.583s] Level 5:colcon.colcon_core.verb:set package 'bridge_px4' build argument 'catkin_cmake_args' from command line to 'None'
[0.583s] Level 5:colcon.colcon_core.verb:set package 'bridge_px4' build argument 'catkin_skip_building_tests' from command line to 'False'
[0.583s] DEBUG:colcon.colcon_core.verb:Building package 'bridge_px4' with the following arguments: {'ament_cmake_args': None, 'build_base': '/home/lowjunen/StanfordMSL/TrajBridge/build/bridge_px4', 'catkin_cmake_args': None, 'catkin_skip_building_tests': False, 'cmake_args': None, 'cmake_clean_cache': False, 'cmake_clean_first': False, 'cmake_force_configure': False, 'cmake_target': None, 'cmake_target_skip_unavailable': False, 'install_base': '/home/lowjunen/StanfordMSL/TrajBridge/install/bridge_px4', 'merge_install': False, 'path': '/home/lowjunen/StanfordMSL/TrajBridge/src/bridge_px4', 'symlink_install': False, 'test_result_base': None}
[0.585s] Level 5:colcon.colcon_core.verb:set package 'px4_msgs' build argument 'cmake_args' from command line to 'None'
[0.585s] Level 5:colcon.colcon_core.verb:set package 'px4_msgs' build argument 'cmake_target' from command line to 'None'
[0.585s] Level 5:colcon.colcon_core.verb:set package 'px4_msgs' build argument 'cmake_target_skip_unavailable' from command line to 'False'
[0.585s] Level 5:colcon.colcon_core.verb:set package 'px4_msgs' build argument 'cmake_clean_cache' from command line to 'False'
[0.585s] Level 5:colcon.colcon_core.verb:set package 'px4_msgs' build argument 'cmake_clean_first' from command line to 'False'
[0.585s] Level 5:colcon.colcon_core.verb:set package 'px4_msgs' build argument 'cmake_force_configure' from command line to 'False'
[0.585s] Level 5:colcon.colcon_core.verb:set package 'px4_msgs' build argument 'ament_cmake_args' from command line to 'None'
[0.585s] Level 5:colcon.colcon_core.verb:set package 'px4_msgs' build argument 'catkin_cmake_args' from command line to 'None'
[0.585s] Level 5:colcon.colcon_core.verb:set package 'px4_msgs' build argument 'catkin_skip_building_tests' from command line to 'False'
[0.585s] DEBUG:colcon.colcon_core.verb:Building package 'px4_msgs' with the following arguments: {'ament_cmake_args': None, 'build_base': '/home/lowjunen/StanfordMSL/TrajBridge/build/px4_msgs', 'catkin_cmake_args': None, 'catkin_skip_building_tests': False, 'cmake_args': None, 'cmake_clean_cache': False, 'cmake_clean_first': False, 'cmake_force_configure': False, 'cmake_target': None, 'cmake_target_skip_unavailable': False, 'install_base': '/home/lowjunen/StanfordMSL/TrajBridge/install/px4_msgs', 'merge_install': False, 'path': '/home/lowjunen/StanfordMSL/TrajBridge/src/px4_msgs', 'symlink_install': False, 'test_result_base': None}
[0.586s] Level 5:colcon.colcon_core.verb:set package 'px4_ros_com' build argument 'cmake_args' from command line to 'None'
[0.586s] Level 5:colcon.colcon_core.verb:set package 'px4_ros_com' build argument 'cmake_target' from command line to 'None'
[0.587s] Level 5:colcon.colcon_core.verb:set package 'px4_ros_com' build argument 'cmake_target_skip_unavailable' from command line to 'False'
[0.587s] Level 5:colcon.colcon_core.verb:set package 'px4_ros_com' build argument 'cmake_clean_cache' from command line to 'False'
[0.587s] Level 5:colcon.colcon_core.verb:set package 'px4_ros_com' build argument 'cmake_clean_first' from command line to 'False'
[0.587s] Level 5:colcon.colcon_core.verb:set package 'px4_ros_com' build argument 'cmake_force_configure' from command line to 'False'
[0.587s] Level 5:colcon.colcon_core.verb:set package 'px4_ros_com' build argument 'ament_cmake_args' from command line to 'None'
[0.587s] Level 5:colcon.colcon_core.verb:set package 'px4_ros_com' build argument 'catkin_cmake_args' from command line to 'None'
[0.587s] Level 5:colcon.colcon_core.verb:set package 'px4_ros_com' build argument 'catkin_skip_building_tests' from command line to 'False'
[0.587s] DEBUG:colcon.colcon_core.verb:Building package 'px4_ros_com' with the following arguments: {'ament_cmake_args': None, 'build_base': '/home/lowjunen/StanfordMSL/TrajBridge/build/px4_ros_com', 'catkin_cmake_args': None, 'catkin_skip_building_tests': False, 'cmake_args': None, 'cmake_clean_cache': False, 'cmake_clean_first': False, 'cmake_force_configure': False, 'cmake_target': None, 'cmake_target_skip_unavailable': False, 'install_base': '/home/lowjunen/StanfordMSL/TrajBridge/install/px4_ros_com', 'merge_install': False, 'path': '/home/lowjunen/StanfordMSL/TrajBridge/src/px4_ros_com', 'symlink_install': False, 'test_result_base': None}
[0.588s] INFO:colcon.colcon_core.executor:Executing jobs using 'parallel' executor
[0.593s] DEBUG:colcon.colcon_parallel_executor.executor.parallel:run_until_complete
[0.594s] INFO:colcon.colcon_ros.task.ament_cmake.build:Building ROS package in '/home/lowjunen/StanfordMSL/TrajBridge/src/px4_msgs' with build type 'ament_cmake'
[0.594s] INFO:colcon.colcon_cmake.task.cmake.build:Building CMake package in '/home/lowjunen/StanfordMSL/TrajBridge/src/px4_msgs'
[0.599s] INFO:colcon.colcon_core.plugin_system:Skipping extension 'colcon_core.shell.bat': Not used on non-Windows systems
[0.599s] INFO:colcon.colcon_core.shell:Skip shell extension 'powershell' for command environment: Not usable outside of PowerShell
[0.599s] DEBUG:colcon.colcon_core.shell:Skip shell extension 'dsv' for command environment
[0.606s] INFO:colcon.colcon_ros.task.ament_cmake.build:Building ROS package in '/home/lowjunen/StanfordMSL/TrajBridge/src/bridge_px4' with build type 'ament_cmake'
[0.607s] INFO:colcon.colcon_cmake.task.cmake.build:Building CMake package in '/home/lowjunen/StanfordMSL/TrajBridge/src/bridge_px4'
[0.630s] INFO:colcon.colcon_core.shell:Skip shell extension 'powershell' for command environment: Not usable outside of PowerShell
[0.630s] DEBUG:colcon.colcon_core.shell:Skip shell extension 'dsv' for command environment
[0.648s] DEBUG:colcon.colcon_core.event_handler.log_command:Invoking command in '/home/lowjunen/StanfordMSL/TrajBridge/build/px4_msgs': CMAKE_PREFIX_PATH=/opt/ros/foxy /usr/bin/cmake --build /home/lowjunen/StanfordMSL/TrajBridge/build/px4_msgs -- -j12 -l12
[0.656s] DEBUG:colcon.colcon_core.event_handler.log_command:Invoking command in '/home/lowjunen/StanfordMSL/TrajBridge/build/bridge_px4': CMAKE_PREFIX_PATH=/opt/ros/foxy /usr/bin/cmake /home/lowjunen/StanfordMSL/TrajBridge/src/bridge_px4 -DCMAKE_INSTALL_PREFIX=/home/lowjunen/StanfordMSL/TrajBridge/install/bridge_px4
[1.718s] DEBUG:colcon.colcon_core.event_handler.log_command:Invoked command in '/home/lowjunen/StanfordMSL/TrajBridge/build/bridge_px4' returned '0': CMAKE_PREFIX_PATH=/opt/ros/foxy /usr/bin/cmake /home/lowjunen/StanfordMSL/TrajBridge/src/bridge_px4 -DCMAKE_INSTALL_PREFIX=/home/lowjunen/StanfordMSL/TrajBridge/install/bridge_px4
[1.722s] DEBUG:colcon.colcon_core.event_handler.log_command:Invoking command in '/home/lowjunen/StanfordMSL/TrajBridge/build/bridge_px4': CMAKE_PREFIX_PATH=/opt/ros/foxy /usr/bin/cmake --build /home/lowjunen/StanfordMSL/TrajBridge/build/bridge_px4 -- -j12 -l12
[1.908s] DEBUG:colcon.colcon_core.event_handler.log_command:Invoked command in '/home/lowjunen/StanfordMSL/TrajBridge/build/bridge_px4' returned '0': CMAKE_PREFIX_PATH=/opt/ros/foxy /usr/bin/cmake --build /home/lowjunen/StanfordMSL/TrajBridge/build/bridge_px4 -- -j12 -l12
[1.957s] DEBUG:colcon.colcon_core.event_handler.log_command:Invoking command in '/home/lowjunen/StanfordMSL/TrajBridge/build/bridge_px4': CMAKE_PREFIX_PATH=/opt/ros/foxy /usr/bin/cmake --install /home/lowjunen/StanfordMSL/TrajBridge/build/bridge_px4
[1.973s] Level 1:colcon.colcon_core.environment:create_environment_scripts_only(bridge_px4)
[1.975s] DEBUG:colcon.colcon_core.event_handler.log_command:Invoked command in '/home/lowjunen/StanfordMSL/TrajBridge/build/bridge_px4' returned '0': CMAKE_PREFIX_PATH=/opt/ros/foxy /usr/bin/cmake --install /home/lowjunen/StanfordMSL/TrajBridge/build/bridge_px4
[1.981s] Level 1:colcon.colcon_core.environment:checking '/home/lowjunen/StanfordMSL/TrajBridge/install/bridge_px4' for CMake module files
[1.982s] Level 1:colcon.colcon_core.environment:checking '/home/lowjunen/StanfordMSL/TrajBridge/install/bridge_px4' for CMake config files
[1.982s] Level 1:colcon.colcon_core.shell:create_environment_hook('bridge_px4', 'cmake_prefix_path')
[1.984s] INFO:colcon.colcon_core.shell:Creating environment hook '/home/lowjunen/StanfordMSL/TrajBridge/install/bridge_px4/share/bridge_px4/hook/cmake_prefix_path.ps1'
[1.985s] INFO:colcon.colcon_core.shell:Creating environment descriptor '/home/lowjunen/StanfordMSL/TrajBridge/install/bridge_px4/share/bridge_px4/hook/cmake_prefix_path.dsv'
[1.986s] INFO:colcon.colcon_core.shell:Creating environment hook '/home/lowjunen/StanfordMSL/TrajBridge/install/bridge_px4/share/bridge_px4/hook/cmake_prefix_path.sh'
[1.987s] Level 1:colcon.colcon_core.environment:checking '/home/lowjunen/StanfordMSL/TrajBridge/install/bridge_px4/lib'
[1.987s] Level 1:colcon.colcon_core.environment:checking '/home/lowjunen/StanfordMSL/TrajBridge/install/bridge_px4/bin'
[1.987s] Level 1:colcon.colcon_core.environment:checking '/home/lowjunen/StanfordMSL/TrajBridge/install/bridge_px4/lib/pkgconfig/bridge_px4.pc'
[1.988s] Level 1:colcon.colcon_core.environment:checking '/home/lowjunen/StanfordMSL/TrajBridge/install/bridge_px4/lib/python3.8/site-packages'
[1.988s] Level 1:colcon.colcon_core.environment:checking '/home/lowjunen/StanfordMSL/TrajBridge/install/bridge_px4/bin'
[1.990s] INFO:colcon.colcon_core.shell:Creating package script '/home/lowjunen/StanfordMSL/TrajBridge/install/bridge_px4/share/bridge_px4/package.ps1'
[1.991s] INFO:colcon.colcon_core.shell:Creating package descriptor '/home/lowjunen/StanfordMSL/TrajBridge/install/bridge_px4/share/bridge_px4/package.dsv'
[1.992s] INFO:colcon.colcon_core.shell:Creating package script '/home/lowjunen/StanfordMSL/TrajBridge/install/bridge_px4/share/bridge_px4/package.sh'
[1.993s] INFO:colcon.colcon_core.shell:Creating package script '/home/lowjunen/StanfordMSL/TrajBridge/install/bridge_px4/share/bridge_px4/package.bash'
[1.994s] INFO:colcon.colcon_core.shell:Creating package script '/home/lowjunen/StanfordMSL/TrajBridge/install/bridge_px4/share/bridge_px4/package.zsh'
[1.995s] Level 1:colcon.colcon_core.environment:create_file_with_runtime_dependencies(/home/lowjunen/StanfordMSL/TrajBridge/install/bridge_px4/share/colcon-core/packages/bridge_px4)
[2.028s] Level 1:colcon.colcon_core.environment:create_environment_scripts_only(bridge_px4)
[2.032s] Level 1:colcon.colcon_core.environment:checking '/home/lowjunen/StanfordMSL/TrajBridge/install/bridge_px4' for CMake module files
[2.033s] Level 1:colcon.colcon_core.environment:checking '/home/lowjunen/StanfordMSL/TrajBridge/install/bridge_px4' for CMake config files
[2.033s] Level 1:colcon.colcon_core.shell:create_environment_hook('bridge_px4', 'cmake_prefix_path')
[2.036s] INFO:colcon.colcon_core.shell:Creating environment hook '/home/lowjunen/StanfordMSL/TrajBridge/install/bridge_px4/share/bridge_px4/hook/cmake_prefix_path.ps1'
[2.037s] INFO:colcon.colcon_core.shell:Creating environment descriptor '/home/lowjunen/StanfordMSL/TrajBridge/install/bridge_px4/share/bridge_px4/hook/cmake_prefix_path.dsv'
[2.037s] INFO:colcon.colcon_core.shell:Creating environment hook '/home/lowjunen/StanfordMSL/TrajBridge/install/bridge_px4/share/bridge_px4/hook/cmake_prefix_path.sh'
[2.038s] Level 1:colcon.colcon_core.environment:checking '/home/lowjunen/StanfordMSL/TrajBridge/install/bridge_px4/lib'
[2.038s] Level 1:colcon.colcon_core.environment:checking '/home/lowjunen/StanfordMSL/TrajBridge/install/bridge_px4/bin'
[2.038s] Level 1:colcon.colcon_core.environment:checking '/home/lowjunen/StanfordMSL/TrajBridge/install/bridge_px4/lib/pkgconfig/bridge_px4.pc'
[2.039s] Level 1:colcon.colcon_core.environment:checking '/home/lowjunen/StanfordMSL/TrajBridge/install/bridge_px4/lib/python3.8/site-packages'
[2.039s] Level 1:colcon.colcon_core.environment:checking '/home/lowjunen/StanfordMSL/TrajBridge/install/bridge_px4/bin'
[2.041s] INFO:colcon.colcon_core.shell:Creating package script '/home/lowjunen/StanfordMSL/TrajBridge/install/bridge_px4/share/bridge_px4/package.ps1'
[2.042s] INFO:colcon.colcon_core.shell:Creating package descriptor '/home/lowjunen/StanfordMSL/TrajBridge/install/bridge_px4/share/bridge_px4/package.dsv'
[2.042s] INFO:colcon.colcon_core.shell:Creating package script '/home/lowjunen/StanfordMSL/TrajBridge/install/bridge_px4/share/bridge_px4/package.sh'
[2.043s] INFO:colcon.colcon_core.shell:Creating package script '/home/lowjunen/StanfordMSL/TrajBridge/install/bridge_px4/share/bridge_px4/package.bash'
[2.043s] INFO:colcon.colcon_core.shell:Creating package script '/home/lowjunen/StanfordMSL/TrajBridge/install/bridge_px4/share/bridge_px4/package.zsh'
[2.044s] Level 1:colcon.colcon_core.environment:create_file_with_runtime_dependencies(/home/lowjunen/StanfordMSL/TrajBridge/install/bridge_px4/share/colcon-core/packages/bridge_px4)
[2.056s] DEBUG:colcon.colcon_core.event_handler.log_command:Invoked command in '/home/lowjunen/StanfordMSL/TrajBridge/build/px4_msgs' returned '0': CMAKE_PREFIX_PATH=/opt/ros/foxy /usr/bin/cmake --build /home/lowjunen/StanfordMSL/TrajBridge/build/px4_msgs -- -j12 -l12
[5.843s] DEBUG:colcon.colcon_core.event_handler.log_command:Invoking command in '/home/lowjunen/StanfordMSL/TrajBridge/build/px4_msgs': CMAKE_PREFIX_PATH=/opt/ros/foxy /usr/bin/cmake --install /home/lowjunen/StanfordMSL/TrajBridge/build/px4_msgs
[6.201s] Level 1:colcon.colcon_core.environment:create_environment_scripts_only(px4_msgs)
[6.205s] Level 1:colcon.colcon_core.environment:checking '/home/lowjunen/StanfordMSL/TrajBridge/install/px4_msgs' for CMake module files
[6.207s] Level 1:colcon.colcon_core.environment:checking '/home/lowjunen/StanfordMSL/TrajBridge/install/px4_msgs' for CMake config files
[6.209s] Level 1:colcon.colcon_core.shell:create_environment_hook('px4_msgs', 'cmake_prefix_path')
[6.211s] INFO:colcon.colcon_core.shell:Creating environment hook '/home/lowjunen/StanfordMSL/TrajBridge/install/px4_msgs/share/px4_msgs/hook/cmake_prefix_path.ps1'
[6.212s] INFO:colcon.colcon_core.shell:Creating environment descriptor '/home/lowjunen/StanfordMSL/TrajBridge/install/px4_msgs/share/px4_msgs/hook/cmake_prefix_path.dsv'
[6.213s] INFO:colcon.colcon_core.shell:Creating environment hook '/home/lowjunen/StanfordMSL/TrajBridge/install/px4_msgs/share/px4_msgs/hook/cmake_prefix_path.sh'
[6.214s] Level 1:colcon.colcon_core.environment:checking '/home/lowjunen/StanfordMSL/TrajBridge/install/px4_msgs/lib'
[6.214s] Level 1:colcon.colcon_core.shell:create_environment_hook('px4_msgs', 'ld_library_path_lib')
[6.216s] INFO:colcon.colcon_core.shell:Creating environment hook '/home/lowjunen/StanfordMSL/TrajBridge/install/px4_msgs/share/px4_msgs/hook/ld_library_path_lib.ps1'
[6.217s] INFO:colcon.colcon_core.shell:Creating environment descriptor '/home/lowjunen/StanfordMSL/TrajBridge/install/px4_msgs/share/px4_msgs/hook/ld_library_path_lib.dsv'
[6.218s] INFO:colcon.colcon_core.shell:Creating environment hook '/home/lowjunen/StanfordMSL/TrajBridge/install/px4_msgs/share/px4_msgs/hook/ld_library_path_lib.sh'
[6.219s] Level 1:colcon.colcon_core.environment:checking '/home/lowjunen/StanfordMSL/TrajBridge/install/px4_msgs/bin'
[6.219s] Level 1:colcon.colcon_core.environment:checking '/home/lowjunen/StanfordMSL/TrajBridge/install/px4_msgs/lib/pkgconfig/px4_msgs.pc'
[6.219s] Level 1:colcon.colcon_core.environment:checking '/home/lowjunen/StanfordMSL/TrajBridge/install/px4_msgs/lib/python3.8/site-packages'
[6.220s] Level 1:colcon.colcon_core.shell:create_environment_hook('px4_msgs', 'pythonpath')
[6.222s] INFO:colcon.colcon_core.shell:Creating environment hook '/home/lowjunen/StanfordMSL/TrajBridge/install/px4_msgs/share/px4_msgs/hook/pythonpath.ps1'
[6.223s] INFO:colcon.colcon_core.shell:Creating environment descriptor '/home/lowjunen/StanfordMSL/TrajBridge/install/px4_msgs/share/px4_msgs/hook/pythonpath.dsv'
[6.223s] INFO:colcon.colcon_core.shell:Creating environment hook '/home/lowjunen/StanfordMSL/TrajBridge/install/px4_msgs/share/px4_msgs/hook/pythonpath.sh'
[6.224s] Level 1:colcon.colcon_core.environment:checking '/home/lowjunen/StanfordMSL/TrajBridge/install/px4_msgs/bin'
[6.227s] INFO:colcon.colcon_core.shell:Creating package script '/home/lowjunen/StanfordMSL/TrajBridge/install/px4_msgs/share/px4_msgs/package.ps1'
[6.228s] INFO:colcon.colcon_core.shell:Creating package descriptor '/home/lowjunen/StanfordMSL/TrajBridge/install/px4_msgs/share/px4_msgs/package.dsv'
[6.229s] INFO:colcon.colcon_core.shell:Creating package script '/home/lowjunen/StanfordMSL/TrajBridge/install/px4_msgs/share/px4_msgs/package.sh'
[6.230s] INFO:colcon.colcon_core.shell:Creating package script '/home/lowjunen/StanfordMSL/TrajBridge/install/px4_msgs/share/px4_msgs/package.bash'
[6.230s] INFO:colcon.colcon_core.shell:Creating package script '/home/lowjunen/StanfordMSL/TrajBridge/install/px4_msgs/share/px4_msgs/package.zsh'
[6.231s] Level 1:colcon.colcon_core.environment:create_file_with_runtime_dependencies(/home/lowjunen/StanfordMSL/TrajBridge/install/px4_msgs/share/colcon-core/packages/px4_msgs)
[6.293s] DEBUG:colcon.colcon_core.event_handler.log_command:Invoked command in '/home/lowjunen/StanfordMSL/TrajBridge/build/px4_msgs' returned '0': CMAKE_PREFIX_PATH=/opt/ros/foxy /usr/bin/cmake --install /home/lowjunen/StanfordMSL/TrajBridge/build/px4_msgs
[9.961s] Level 1:colcon.colcon_core.environment:create_environment_scripts_only(px4_msgs)
[9.966s] Level 1:colcon.colcon_core.environment:checking '/home/lowjunen/StanfordMSL/TrajBridge/install/px4_msgs' for CMake module files
[9.967s] Level 1:colcon.colcon_core.environment:checking '/home/lowjunen/StanfordMSL/TrajBridge/install/px4_msgs' for CMake config files
[9.967s] Level 1:colcon.colcon_core.shell:create_environment_hook('px4_msgs', 'cmake_prefix_path')
[9.970s] INFO:colcon.colcon_core.shell:Creating environment hook '/home/lowjunen/StanfordMSL/TrajBridge/install/px4_msgs/share/px4_msgs/hook/cmake_prefix_path.ps1'
[9.970s] INFO:colcon.colcon_core.shell:Creating environment descriptor '/home/lowjunen/StanfordMSL/TrajBridge/install/px4_msgs/share/px4_msgs/hook/cmake_prefix_path.dsv'
[9.971s] INFO:colcon.colcon_core.shell:Creating environment hook '/home/lowjunen/StanfordMSL/TrajBridge/install/px4_msgs/share/px4_msgs/hook/cmake_prefix_path.sh'
[9.972s] Level 1:colcon.colcon_core.environment:checking '/home/lowjunen/StanfordMSL/TrajBridge/install/px4_msgs/lib'
[9.972s] Level 1:colcon.colcon_core.shell:create_environment_hook('px4_msgs', 'ld_library_path_lib')
[9.974s] INFO:colcon.colcon_core.shell:Creating environment hook '/home/lowjunen/StanfordMSL/TrajBridge/install/px4_msgs/share/px4_msgs/hook/ld_library_path_lib.ps1'
[9.975s] INFO:colcon.colcon_core.shell:Creating environment descriptor '/home/lowjunen/StanfordMSL/TrajBridge/install/px4_msgs/share/px4_msgs/hook/ld_library_path_lib.dsv'
[9.975s] INFO:colcon.colcon_core.shell:Creating environment hook '/home/lowjunen/StanfordMSL/TrajBridge/install/px4_msgs/share/px4_msgs/hook/ld_library_path_lib.sh'
[9.976s] Level 1:colcon.colcon_core.environment:checking '/home/lowjunen/StanfordMSL/TrajBridge/install/px4_msgs/bin'
[9.976s] Level 1:colcon.colcon_core.environment:checking '/home/lowjunen/StanfordMSL/TrajBridge/install/px4_msgs/lib/pkgconfig/px4_msgs.pc'
[9.976s] Level 1:colcon.colcon_core.environment:checking '/home/lowjunen/StanfordMSL/TrajBridge/install/px4_msgs/lib/python3.8/site-packages'
[9.976s] Level 1:colcon.colcon_core.shell:create_environment_hook('px4_msgs', 'pythonpath')
[9.979s] INFO:colcon.colcon_core.shell:Creating environment hook '/home/lowjunen/StanfordMSL/TrajBridge/install/px4_msgs/share/px4_msgs/hook/pythonpath.ps1'
[9.980s] INFO:colcon.colcon_core.shell:Creating environment descriptor '/home/lowjunen/StanfordMSL/TrajBridge/install/px4_msgs/share/px4_msgs/hook/pythonpath.dsv'
[9.980s] INFO:colcon.colcon_core.shell:Creating environment hook '/home/lowjunen/StanfordMSL/TrajBridge/install/px4_msgs/share/px4_msgs/hook/pythonpath.sh'
[9.981s] Level 1:colcon.colcon_core.environment:checking '/home/lowjunen/StanfordMSL/TrajBridge/install/px4_msgs/bin'
[9.983s] INFO:colcon.colcon_core.shell:Creating package script '/home/lowjunen/StanfordMSL/TrajBridge/install/px4_msgs/share/px4_msgs/package.ps1'
[9.984s] INFO:colcon.colcon_core.shell:Creating package descriptor '/home/lowjunen/StanfordMSL/TrajBridge/install/px4_msgs/share/px4_msgs/package.dsv'
[9.985s] INFO:colcon.colcon_core.shell:Creating package script '/home/lowjunen/StanfordMSL/TrajBridge/install/px4_msgs/share/px4_msgs/package.sh'
[9.986s] INFO:colcon.colcon_core.shell:Creating package script '/home/lowjunen/StanfordMSL/TrajBridge/install/px4_msgs/share/px4_msgs/package.bash'
[9.986s] INFO:colcon.colcon_core.shell:Creating package script '/home/lowjunen/StanfordMSL/TrajBridge/install/px4_msgs/share/px4_msgs/package.zsh'
[9.987s] Level 1:colcon.colcon_core.environment:create_file_with_runtime_dependencies(/home/lowjunen/StanfordMSL/TrajBridge/install/px4_msgs/share/colcon-core/packages/px4_msgs)
[9.987s] INFO:colcon.colcon_ros.task.ament_cmake.build:Building ROS package in '/home/lowjunen/StanfordMSL/TrajBridge/src/px4_ros_com' with build type 'ament_cmake'
[9.988s] INFO:colcon.colcon_cmake.task.cmake.build:Building CMake package in '/home/lowjunen/StanfordMSL/TrajBridge/src/px4_ros_com'
[9.990s] INFO:colcon.colcon_core.shell:Skip shell extension 'powershell' for command environment: Not usable outside of PowerShell
[9.991s] DEBUG:colcon.colcon_core.shell:Skip shell extension 'dsv' for command environment
[10.010s] DEBUG:colcon.colcon_core.event_handler.log_command:Invoking command in '/home/lowjunen/StanfordMSL/TrajBridge/build/px4_ros_com': AMENT_PREFIX_PATH=/home/lowjunen/StanfordMSL/TrajBridge/install/px4_msgs:${AMENT_PREFIX_PATH} CMAKE_PREFIX_PATH=/home/lowjunen/StanfordMSL/TrajBridge/install/px4_msgs:/opt/ros/foxy LD_LIBRARY_PATH=/home/lowjunen/StanfordMSL/TrajBridge/install/px4_msgs/lib:${LD_LIBRARY_PATH} PYTHONPATH=/home/lowjunen/StanfordMSL/TrajBridge/install/px4_msgs/lib/python3.8/site-packages:${PYTHONPATH} /usr/bin/cmake --build /home/lowjunen/StanfordMSL/TrajBridge/build/px4_ros_com -- -j12 -l12
[10.111s] DEBUG:colcon.colcon_core.event_handler.log_command:Invoked command in '/home/lowjunen/StanfordMSL/TrajBridge/build/px4_ros_com' returned '0': AMENT_PREFIX_PATH=/home/lowjunen/StanfordMSL/TrajBridge/install/px4_msgs:${AMENT_PREFIX_PATH} CMAKE_PREFIX_PATH=/home/lowjunen/StanfordMSL/TrajBridge/install/px4_msgs:/opt/ros/foxy LD_LIBRARY_PATH=/home/lowjunen/StanfordMSL/TrajBridge/install/px4_msgs/lib:${LD_LIBRARY_PATH} PYTHONPATH=/home/lowjunen/StanfordMSL/TrajBridge/install/px4_msgs/lib/python3.8/site-packages:${PYTHONPATH} /usr/bin/cmake --build /home/lowjunen/StanfordMSL/TrajBridge/build/px4_ros_com -- -j12 -l12
[10.156s] DEBUG:colcon.colcon_core.event_handler.log_command:Invoking command in '/home/lowjunen/StanfordMSL/TrajBridge/build/px4_ros_com': AMENT_PREFIX_PATH=/home/lowjunen/StanfordMSL/TrajBridge/install/px4_msgs:${AMENT_PREFIX_PATH} CMAKE_PREFIX_PATH=/home/lowjunen/StanfordMSL/TrajBridge/install/px4_msgs:/opt/ros/foxy LD_LIBRARY_PATH=/home/lowjunen/StanfordMSL/TrajBridge/install/px4_msgs/lib:${LD_LIBRARY_PATH} PYTHONPATH=/home/lowjunen/StanfordMSL/TrajBridge/install/px4_msgs/lib/python3.8/site-packages:${PYTHONPATH} /usr/bin/cmake --install /home/lowjunen/StanfordMSL/TrajBridge/build/px4_ros_com
[10.175s] Level 1:colcon.colcon_core.environment:create_environment_scripts_only(px4_ros_com)
[10.179s] Level 1:colcon.colcon_core.environment:checking '/home/lowjunen/StanfordMSL/TrajBridge/install/px4_ros_com' for CMake module files
[10.180s] DEBUG:colcon.colcon_core.event_handler.log_command:Invoked command in '/home/lowjunen/StanfordMSL/TrajBridge/build/px4_ros_com' returned '0': AMENT_PREFIX_PATH=/home/lowjunen/StanfordMSL/TrajBridge/install/px4_msgs:${AMENT_PREFIX_PATH} CMAKE_PREFIX_PATH=/home/lowjunen/StanfordMSL/TrajBridge/install/px4_msgs:/opt/ros/foxy LD_LIBRARY_PATH=/home/lowjunen/StanfordMSL/TrajBridge/install/px4_msgs/lib:${LD_LIBRARY_PATH} PYTHONPATH=/home/lowjunen/StanfordMSL/TrajBridge/install/px4_msgs/lib/python3.8/site-packages:${PYTHONPATH} /usr/bin/cmake --install /home/lowjunen/StanfordMSL/TrajBridge/build/px4_ros_com
[10.180s] Level 1:colcon.colcon_core.environment:checking '/home/lowjunen/StanfordMSL/TrajBridge/install/px4_ros_com' for CMake config files
[10.181s] Level 1:colcon.colcon_core.shell:create_environment_hook('px4_ros_com', 'cmake_prefix_path')
[10.183s] INFO:colcon.colcon_core.shell:Creating environment hook '/home/lowjunen/StanfordMSL/TrajBridge/install/px4_ros_com/share/px4_ros_com/hook/cmake_prefix_path.ps1'
[10.184s] INFO:colcon.colcon_core.shell:Creating environment descriptor '/home/lowjunen/StanfordMSL/TrajBridge/install/px4_ros_com/share/px4_ros_com/hook/cmake_prefix_path.dsv'
[10.185s] INFO:colcon.colcon_core.shell:Creating environment hook '/home/lowjunen/StanfordMSL/TrajBridge/install/px4_ros_com/share/px4_ros_com/hook/cmake_prefix_path.sh'
[10.185s] Level 1:colcon.colcon_core.environment:checking '/home/lowjunen/StanfordMSL/TrajBridge/install/px4_ros_com/lib'
[10.185s] Level 1:colcon.colcon_core.shell:create_environment_hook('px4_ros_com', 'ld_library_path_lib')
[10.187s] INFO:colcon.colcon_core.shell:Creating environment hook '/home/lowjunen/StanfordMSL/TrajBridge/install/px4_ros_com/share/px4_ros_com/hook/ld_library_path_lib.ps1'
[10.188s] INFO:colcon.colcon_core.shell:Creating environment descriptor '/home/lowjunen/StanfordMSL/TrajBridge/install/px4_ros_com/share/px4_ros_com/hook/ld_library_path_lib.dsv'
[10.188s] INFO:colcon.colcon_core.shell:Creating environment hook '/home/lowjunen/StanfordMSL/TrajBridge/install/px4_ros_com/share/px4_ros_com/hook/ld_library_path_lib.sh'
[10.189s] Level 1:colcon.colcon_core.environment:checking '/home/lowjunen/StanfordMSL/TrajBridge/install/px4_ros_com/bin'
[10.189s] Level 1:colcon.colcon_core.environment:checking '/home/lowjunen/StanfordMSL/TrajBridge/install/px4_ros_com/lib/pkgconfig/px4_ros_com.pc'
[10.189s] Level 1:colcon.colcon_core.environment:checking '/home/lowjunen/StanfordMSL/TrajBridge/install/px4_ros_com/lib/python3.8/site-packages'
[10.189s] Level 1:colcon.colcon_core.environment:checking '/home/lowjunen/StanfordMSL/TrajBridge/install/px4_ros_com/bin'
[10.192s] INFO:colcon.colcon_core.shell:Creating package script '/home/lowjunen/StanfordMSL/TrajBridge/install/px4_ros_com/share/px4_ros_com/package.ps1'
[10.192s] INFO:colcon.colcon_core.shell:Creating package descriptor '/home/lowjunen/StanfordMSL/TrajBridge/install/px4_ros_com/share/px4_ros_com/package.dsv'
[10.193s] INFO:colcon.colcon_core.shell:Creating package script '/home/lowjunen/StanfordMSL/TrajBridge/install/px4_ros_com/share/px4_ros_com/package.sh'
[10.194s] INFO:colcon.colcon_core.shell:Creating package script '/home/lowjunen/StanfordMSL/TrajBridge/install/px4_ros_com/share/px4_ros_com/package.bash'
[10.194s] INFO:colcon.colcon_core.shell:Creating package script '/home/lowjunen/StanfordMSL/TrajBridge/install/px4_ros_com/share/px4_ros_com/package.zsh'
[10.194s] Level 1:colcon.colcon_core.environment:create_file_with_runtime_dependencies(/home/lowjunen/StanfordMSL/TrajBridge/install/px4_ros_com/share/colcon-core/packages/px4_ros_com)
[10.239s] Level 1:colcon.colcon_core.environment:create_environment_scripts_only(px4_ros_com)
[10.242s] Level 1:colcon.colcon_core.environment:checking '/home/lowjunen/StanfordMSL/TrajBridge/install/px4_ros_com' for CMake module files
[10.243s] Level 1:colcon.colcon_core.environment:checking '/home/lowjunen/StanfordMSL/TrajBridge/install/px4_ros_com' for CMake config files
[10.244s] Level 1:colcon.colcon_core.shell:create_environment_hook('px4_ros_com', 'cmake_prefix_path')
[10.246s] INFO:colcon.colcon_core.shell:Creating environment hook '/home/lowjunen/StanfordMSL/TrajBridge/install/px4_ros_com/share/px4_ros_com/hook/cmake_prefix_path.ps1'
[10.247s] INFO:colcon.colcon_core.shell:Creating environment descriptor '/home/lowjunen/StanfordMSL/TrajBridge/install/px4_ros_com/share/px4_ros_com/hook/cmake_prefix_path.dsv'
[10.247s] INFO:colcon.colcon_core.shell:Creating environment hook '/home/lowjunen/StanfordMSL/TrajBridge/install/px4_ros_com/share/px4_ros_com/hook/cmake_prefix_path.sh'
[10.248s] Level 1:colcon.colcon_core.environment:checking '/home/lowjunen/StanfordMSL/TrajBridge/install/px4_ros_com/lib'
[10.248s] Level 1:colcon.colcon_core.shell:create_environment_hook('px4_ros_com', 'ld_library_path_lib')
[10.250s] INFO:colcon.colcon_core.shell:Creating environment hook '/home/lowjunen/StanfordMSL/TrajBridge/install/px4_ros_com/share/px4_ros_com/hook/ld_library_path_lib.ps1'
[10.250s] INFO:colcon.colcon_core.shell:Creating environment descriptor '/home/lowjunen/StanfordMSL/TrajBridge/install/px4_ros_com/share/px4_ros_com/hook/ld_library_path_lib.dsv'
[10.251s] INFO:colcon.colcon_core.shell:Creating environment hook '/home/lowjunen/StanfordMSL/TrajBridge/install/px4_ros_com/share/px4_ros_com/hook/ld_library_path_lib.sh'
[10.251s] Level 1:colcon.colcon_core.environment:checking '/home/lowjunen/StanfordMSL/TrajBridge/install/px4_ros_com/bin'
[10.251s] Level 1:colcon.colcon_core.environment:checking '/home/lowjunen/StanfordMSL/TrajBridge/install/px4_ros_com/lib/pkgconfig/px4_ros_com.pc'
[10.252s] Level 1:colcon.colcon_core.environment:checking '/home/lowjunen/StanfordMSL/TrajBridge/install/px4_ros_com/lib/python3.8/site-packages'
[10.252s] Level 1:colcon.colcon_core.environment:checking '/home/lowjunen/StanfordMSL/TrajBridge/install/px4_ros_com/bin'
[10.254s] INFO:colcon.colcon_core.shell:Creating package script '/home/lowjunen/StanfordMSL/TrajBridge/install/px4_ros_com/share/px4_ros_com/package.ps1'
[10.255s] INFO:colcon.colcon_core.shell:Creating package descriptor '/home/lowjunen/StanfordMSL/TrajBridge/install/px4_ros_com/share/px4_ros_com/package.dsv'
[10.256s] INFO:colcon.colcon_core.shell:Creating package script '/home/lowjunen/StanfordMSL/TrajBridge/install/px4_ros_com/share/px4_ros_com/package.sh'
[10.256s] INFO:colcon.colcon_core.shell:Creating package script '/home/lowjunen/StanfordMSL/TrajBridge/install/px4_ros_com/share/px4_ros_com/package.bash'
[10.257s] INFO:colcon.colcon_core.shell:Creating package script '/home/lowjunen/StanfordMSL/TrajBridge/install/px4_ros_com/share/px4_ros_com/package.zsh'
[10.257s] Level 1:colcon.colcon_core.environment:create_file_with_runtime_dependencies(/home/lowjunen/StanfordMSL/TrajBridge/install/px4_ros_com/share/colcon-core/packages/px4_ros_com)
[10.258s] DEBUG:colcon.colcon_parallel_executor.executor.parallel:closing loop
[10.258s] DEBUG:colcon.colcon_parallel_executor.executor.parallel:loop closed
[10.258s] DEBUG:colcon.colcon_parallel_executor.executor.parallel:run_until_complete finished with '0'
[10.259s] DEBUG:colcon.colcon_core.event_reactor:joining thread
[10.266s] INFO:colcon.colcon_core.plugin_system:Skipping extension 'colcon_notification.desktop_notification.terminal_notifier': Not used on non-Darwin systems
[10.266s] INFO:colcon.colcon_core.plugin_system:Skipping extension 'colcon_notification.desktop_notification.win32': Not used on non-Windows systems
[10.266s] INFO:colcon.colcon_notification.desktop_notification:Sending desktop notification using 'notify2'
[10.284s] DEBUG:colcon.colcon_core.event_reactor:joined thread
[10.286s] INFO:colcon.colcon_core.shell:Creating prefix script '/home/lowjunen/StanfordMSL/TrajBridge/install/local_setup.ps1'
[10.288s] INFO:colcon.colcon_core.shell:Creating prefix util module '/home/lowjunen/StanfordMSL/TrajBridge/install/_local_setup_util_ps1.py'
[10.289s] INFO:colcon.colcon_core.shell:Creating prefix chain script '/home/lowjunen/StanfordMSL/TrajBridge/install/setup.ps1'
[10.292s] INFO:colcon.colcon_core.shell:Creating prefix script '/home/lowjunen/StanfordMSL/TrajBridge/install/local_setup.sh'
[10.293s] INFO:colcon.colcon_core.shell:Creating prefix util module '/home/lowjunen/StanfordMSL/TrajBridge/install/_local_setup_util_sh.py'
[10.293s] INFO:colcon.colcon_core.shell:Creating prefix chain script '/home/lowjunen/StanfordMSL/TrajBridge/install/setup.sh'
[10.295s] INFO:colcon.colcon_core.shell:Creating prefix script '/home/lowjunen/StanfordMSL/TrajBridge/install/local_setup.bash'
[10.296s] INFO:colcon.colcon_core.shell:Creating prefix chain script '/home/lowjunen/StanfordMSL/TrajBridge/install/setup.bash'
[10.297s] INFO:colcon.colcon_core.shell:Creating prefix script '/home/lowjunen/StanfordMSL/TrajBridge/install/local_setup.zsh'
[10.298s] INFO:colcon.colcon_core.shell:Creating prefix chain script '/home/lowjunen/StanfordMSL/TrajBridge/install/setup.zsh'
